{"D:\\Desktop\\Job\\Stability\\stability-ui\\src\\env.d.ts": {"path":"D:\\Desktop\\Job\\Stability\\stability-ui\\src\\env.d.ts","all":true,"statementMap":{},"s":{},"branchMap":{"0":{"type":"branch","line":1,"loc":{"start":{"line":1,"column":38},"end":{"line":1,"column":38}},"locations":[{"start":{"line":1,"column":38},"end":{"line":1,"column":38}}]}},"b":{"0":[1]},"fnMap":{"0":{"name":"(empty-report)","decl":{"start":{"line":1,"column":38},"end":{"line":1,"column":38}},"loc":{"start":{"line":1,"column":38},"end":{"line":1,"column":38}},"line":1}},"f":{"0":1}}
,"D:\\Desktop\\Job\\Stability\\stability-ui\\src\\constants\\index.ts": {"path":"D:\\Desktop\\Job\\Stability\\stability-ui\\src\\constants\\index.ts","all":false,"statementMap":{"0":{"start":{"line":1,"column":0},"end":{"line":1,"column":58}},"15":{"start":{"line":16,"column":0},"end":{"line":16,"column":18}},"16":{"start":{"line":17,"column":0},"end":{"line":17,"column":54}},"18":{"start":{"line":19,"column":0},"end":{"line":19,"column":43}},"20":{"start":{"line":21,"column":0},"end":{"line":21,"column":31}},"21":{"start":{"line":22,"column":0},"end":{"line":22,"column":76}},"22":{"start":{"line":23,"column":0},"end":{"line":23,"column":3}},"23":{"start":{"line":24,"column":0},"end":{"line":24,"column":19}},"24":{"start":{"line":25,"column":0},"end":{"line":25,"column":28}},"25":{"start":{"line":26,"column":0},"end":{"line":26,"column":21}},"26":{"start":{"line":27,"column":0},"end":{"line":27,"column":23}},"27":{"start":{"line":28,"column":0},"end":{"line":28,"column":4}},"35":{"start":{"line":36,"column":0},"end":{"line":36,"column":3}},"36":{"start":{"line":37,"column":0},"end":{"line":37,"column":21}},"37":{"start":{"line":38,"column":0},"end":{"line":38,"column":24}},"38":{"start":{"line":39,"column":0},"end":{"line":39,"column":21}},"39":{"start":{"line":40,"column":0},"end":{"line":40,"column":23}},"40":{"start":{"line":41,"column":0},"end":{"line":41,"column":4}},"41":{"start":{"line":42,"column":0},"end":{"line":42,"column":3}},"42":{"start":{"line":43,"column":0},"end":{"line":43,"column":23}},"43":{"start":{"line":44,"column":0},"end":{"line":44,"column":27}},"44":{"start":{"line":45,"column":0},"end":{"line":45,"column":21}},"45":{"start":{"line":46,"column":0},"end":{"line":46,"column":23}},"46":{"start":{"line":47,"column":0},"end":{"line":47,"column":4}},"47":{"start":{"line":48,"column":0},"end":{"line":48,"column":3}},"48":{"start":{"line":49,"column":0},"end":{"line":49,"column":24}},"49":{"start":{"line":50,"column":0},"end":{"line":50,"column":33}},"50":{"start":{"line":51,"column":0},"end":{"line":51,"column":21}},"51":{"start":{"line":52,"column":0},"end":{"line":52,"column":23}},"52":{"start":{"line":53,"column":0},"end":{"line":53,"column":4}},"53":{"start":{"line":54,"column":0},"end":{"line":54,"column":3}},"54":{"start":{"line":55,"column":0},"end":{"line":55,"column":20}},"55":{"start":{"line":56,"column":0},"end":{"line":56,"column":18}},"56":{"start":{"line":57,"column":0},"end":{"line":57,"column":21}},"57":{"start":{"line":58,"column":0},"end":{"line":58,"column":23}},"58":{"start":{"line":59,"column":0},"end":{"line":59,"column":4}},"59":{"start":{"line":60,"column":0},"end":{"line":60,"column":3}},"60":{"start":{"line":61,"column":0},"end":{"line":61,"column":18}},"61":{"start":{"line":62,"column":0},"end":{"line":62,"column":26}},"62":{"start":{"line":63,"column":0},"end":{"line":63,"column":21}},"63":{"start":{"line":64,"column":0},"end":{"line":64,"column":23}},"64":{"start":{"line":65,"column":0},"end":{"line":65,"column":4}},"65":{"start":{"line":66,"column":0},"end":{"line":66,"column":72}},"66":{"start":{"line":67,"column":0},"end":{"line":67,"column":3}},"67":{"start":{"line":68,"column":0},"end":{"line":68,"column":20}},"68":{"start":{"line":69,"column":0},"end":{"line":69,"column":23}},"69":{"start":{"line":70,"column":0},"end":{"line":70,"column":21}},"70":{"start":{"line":71,"column":0},"end":{"line":71,"column":23}},"71":{"start":{"line":72,"column":0},"end":{"line":72,"column":4}},"72":{"start":{"line":73,"column":0},"end":{"line":73,"column":2}},"74":{"start":{"line":75,"column":0},"end":{"line":75,"column":40}},"75":{"start":{"line":76,"column":0},"end":{"line":76,"column":56}},"76":{"start":{"line":77,"column":0},"end":{"line":77,"column":54}},"77":{"start":{"line":78,"column":0},"end":{"line":78,"column":54}},"78":{"start":{"line":79,"column":0},"end":{"line":79,"column":50}},"79":{"start":{"line":80,"column":0},"end":{"line":80,"column":2}},"81":{"start":{"line":82,"column":0},"end":{"line":82,"column":55}},"83":{"start":{"line":84,"column":0},"end":{"line":84,"column":29}},"85":{"start":{"line":86,"column":0},"end":{"line":86,"column":16}},"86":{"start":{"line":87,"column":0},"end":{"line":87,"column":8}},"87":{"start":{"line":88,"column":0},"end":{"line":88,"column":8}},"88":{"start":{"line":89,"column":0},"end":{"line":89,"column":8}},"89":{"start":{"line":90,"column":0},"end":{"line":90,"column":8}},"90":{"start":{"line":91,"column":0},"end":{"line":91,"column":8}},"91":{"start":{"line":92,"column":0},"end":{"line":92,"column":8}},"92":{"start":{"line":93,"column":0},"end":{"line":93,"column":8}},"93":{"start":{"line":94,"column":0},"end":{"line":94,"column":8}},"94":{"start":{"line":95,"column":0},"end":{"line":95,"column":8}},"95":{"start":{"line":96,"column":0},"end":{"line":96,"column":8}},"96":{"start":{"line":97,"column":0},"end":{"line":97,"column":8}},"97":{"start":{"line":98,"column":0},"end":{"line":98,"column":8}},"98":{"start":{"line":99,"column":0},"end":{"line":99,"column":2}},"100":{"start":{"line":101,"column":0},"end":{"line":101,"column":31}},"101":{"start":{"line":102,"column":0},"end":{"line":102,"column":13}},"102":{"start":{"line":103,"column":0},"end":{"line":103,"column":13}},"103":{"start":{"line":104,"column":0},"end":{"line":104,"column":15}},"104":{"start":{"line":105,"column":0},"end":{"line":105,"column":17}},"105":{"start":{"line":106,"column":0},"end":{"line":106,"column":17}},"106":{"start":{"line":107,"column":0},"end":{"line":107,"column":2}},"108":{"start":{"line":109,"column":0},"end":{"line":109,"column":31}},"109":{"start":{"line":110,"column":0},"end":{"line":110,"column":65}},"110":{"start":{"line":111,"column":0},"end":{"line":111,"column":69}},"111":{"start":{"line":112,"column":0},"end":{"line":112,"column":63}},"112":{"start":{"line":113,"column":0},"end":{"line":113,"column":2}},"114":{"start":{"line":115,"column":0},"end":{"line":115,"column":15}},"115":{"start":{"line":116,"column":0},"end":{"line":116,"column":76}},"116":{"start":{"line":117,"column":0},"end":{"line":117,"column":69}},"117":{"start":{"line":118,"column":0},"end":{"line":118,"column":71}},"118":{"start":{"line":119,"column":0},"end":{"line":119,"column":75}},"119":{"start":{"line":120,"column":0},"end":{"line":120,"column":2}},"121":{"start":{"line":122,"column":0},"end":{"line":122,"column":16}},"122":{"start":{"line":123,"column":0},"end":{"line":123,"column":3}},"123":{"start":{"line":124,"column":0},"end":{"line":124,"column":20}},"124":{"start":{"line":125,"column":0},"end":{"line":125,"column":14}},"125":{"start":{"line":126,"column":0},"end":{"line":126,"column":12}},"126":{"start":{"line":127,"column":0},"end":{"line":127,"column":100}},"127":{"start":{"line":128,"column":0},"end":{"line":128,"column":49}},"128":{"start":{"line":129,"column":0},"end":{"line":129,"column":46}},"129":{"start":{"line":130,"column":0},"end":{"line":130,"column":4}},"130":{"start":{"line":131,"column":0},"end":{"line":131,"column":3}},"131":{"start":{"line":132,"column":0},"end":{"line":132,"column":17}},"132":{"start":{"line":133,"column":0},"end":{"line":133,"column":15}},"133":{"start":{"line":134,"column":0},"end":{"line":134,"column":63}},"134":{"start":{"line":135,"column":0},"end":{"line":135,"column":46}},"135":{"start":{"line":136,"column":0},"end":{"line":136,"column":46}},"136":{"start":{"line":137,"column":0},"end":{"line":137,"column":4}},"137":{"start":{"line":138,"column":0},"end":{"line":138,"column":2}},"139":{"start":{"line":140,"column":0},"end":{"line":140,"column":68}},"141":{"start":{"line":142,"column":0},"end":{"line":142,"column":38}},"142":{"start":{"line":143,"column":0},"end":{"line":143,"column":16}},"143":{"start":{"line":144,"column":0},"end":{"line":144,"column":24}},"144":{"start":{"line":145,"column":0},"end":{"line":145,"column":18}},"145":{"start":{"line":146,"column":0},"end":{"line":146,"column":2}},"147":{"start":{"line":148,"column":0},"end":{"line":148,"column":19}},"148":{"start":{"line":149,"column":0},"end":{"line":149,"column":14}},"149":{"start":{"line":150,"column":0},"end":{"line":150,"column":22}},"150":{"start":{"line":151,"column":0},"end":{"line":151,"column":40}},"151":{"start":{"line":152,"column":0},"end":{"line":152,"column":4}},"152":{"start":{"line":153,"column":0},"end":{"line":153,"column":10}},"153":{"start":{"line":154,"column":0},"end":{"line":154,"column":18}},"154":{"start":{"line":155,"column":0},"end":{"line":155,"column":36}},"155":{"start":{"line":156,"column":0},"end":{"line":156,"column":4}},"156":{"start":{"line":157,"column":0},"end":{"line":157,"column":13}},"157":{"start":{"line":158,"column":0},"end":{"line":158,"column":21}},"158":{"start":{"line":159,"column":0},"end":{"line":159,"column":39}},"159":{"start":{"line":160,"column":0},"end":{"line":160,"column":4}},"160":{"start":{"line":161,"column":0},"end":{"line":161,"column":13}},"161":{"start":{"line":162,"column":0},"end":{"line":162,"column":21}},"162":{"start":{"line":163,"column":0},"end":{"line":163,"column":39}},"163":{"start":{"line":164,"column":0},"end":{"line":164,"column":4}},"164":{"start":{"line":165,"column":0},"end":{"line":165,"column":10}},"165":{"start":{"line":166,"column":0},"end":{"line":166,"column":18}},"166":{"start":{"line":167,"column":0},"end":{"line":167,"column":36}},"167":{"start":{"line":168,"column":0},"end":{"line":168,"column":4}},"168":{"start":{"line":169,"column":0},"end":{"line":169,"column":9}},"169":{"start":{"line":170,"column":0},"end":{"line":170,"column":17}},"170":{"start":{"line":171,"column":0},"end":{"line":171,"column":35}},"171":{"start":{"line":172,"column":0},"end":{"line":172,"column":4}},"172":{"start":{"line":173,"column":0},"end":{"line":173,"column":10}},"173":{"start":{"line":174,"column":0},"end":{"line":174,"column":18}},"174":{"start":{"line":175,"column":0},"end":{"line":175,"column":36}},"175":{"start":{"line":176,"column":0},"end":{"line":176,"column":4}},"176":{"start":{"line":177,"column":0},"end":{"line":177,"column":10}},"177":{"start":{"line":178,"column":0},"end":{"line":178,"column":18}},"178":{"start":{"line":179,"column":0},"end":{"line":179,"column":36}},"179":{"start":{"line":180,"column":0},"end":{"line":180,"column":4}},"180":{"start":{"line":181,"column":0},"end":{"line":181,"column":11}},"181":{"start":{"line":182,"column":0},"end":{"line":182,"column":19}},"182":{"start":{"line":183,"column":0},"end":{"line":183,"column":37}},"183":{"start":{"line":184,"column":0},"end":{"line":184,"column":4}},"184":{"start":{"line":185,"column":0},"end":{"line":185,"column":9}},"185":{"start":{"line":186,"column":0},"end":{"line":186,"column":17}},"186":{"start":{"line":187,"column":0},"end":{"line":187,"column":35}},"187":{"start":{"line":188,"column":0},"end":{"line":188,"column":4}},"188":{"start":{"line":189,"column":0},"end":{"line":189,"column":9}},"189":{"start":{"line":190,"column":0},"end":{"line":190,"column":17}},"190":{"start":{"line":191,"column":0},"end":{"line":191,"column":35}},"191":{"start":{"line":192,"column":0},"end":{"line":192,"column":4}},"192":{"start":{"line":193,"column":0},"end":{"line":193,"column":13}},"193":{"start":{"line":194,"column":0},"end":{"line":194,"column":21}},"194":{"start":{"line":195,"column":0},"end":{"line":195,"column":39}},"195":{"start":{"line":196,"column":0},"end":{"line":196,"column":4}},"196":{"start":{"line":197,"column":0},"end":{"line":197,"column":10}},"197":{"start":{"line":198,"column":0},"end":{"line":198,"column":18}},"198":{"start":{"line":199,"column":0},"end":{"line":199,"column":36}},"199":{"start":{"line":200,"column":0},"end":{"line":200,"column":4}},"200":{"start":{"line":201,"column":0},"end":{"line":201,"column":14}},"201":{"start":{"line":202,"column":0},"end":{"line":202,"column":22}},"202":{"start":{"line":203,"column":0},"end":{"line":203,"column":38}},"203":{"start":{"line":204,"column":0},"end":{"line":204,"column":4}},"204":{"start":{"line":205,"column":0},"end":{"line":205,"column":2}},"206":{"start":{"line":207,"column":0},"end":{"line":207,"column":12}},"207":{"start":{"line":208,"column":0},"end":{"line":208,"column":9}},"208":{"start":{"line":209,"column":0},"end":{"line":209,"column":12}},"209":{"start":{"line":210,"column":0},"end":{"line":210,"column":22}},"210":{"start":{"line":211,"column":0},"end":{"line":211,"column":219}},"211":{"start":{"line":212,"column":0},"end":{"line":212,"column":21}},"212":{"start":{"line":213,"column":0},"end":{"line":213,"column":4}},"213":{"start":{"line":214,"column":0},"end":{"line":214,"column":9}},"214":{"start":{"line":215,"column":0},"end":{"line":215,"column":12}},"215":{"start":{"line":216,"column":0},"end":{"line":216,"column":18}},"216":{"start":{"line":217,"column":0},"end":{"line":217,"column":342}},"217":{"start":{"line":218,"column":0},"end":{"line":218,"column":21}},"218":{"start":{"line":219,"column":0},"end":{"line":219,"column":4}},"219":{"start":{"line":220,"column":0},"end":{"line":220,"column":9}},"220":{"start":{"line":221,"column":0},"end":{"line":221,"column":12}},"221":{"start":{"line":222,"column":0},"end":{"line":222,"column":20}},"222":{"start":{"line":223,"column":0},"end":{"line":223,"column":344}},"223":{"start":{"line":224,"column":0},"end":{"line":224,"column":21}},"224":{"start":{"line":225,"column":0},"end":{"line":225,"column":4}},"225":{"start":{"line":226,"column":0},"end":{"line":226,"column":8}},"226":{"start":{"line":227,"column":0},"end":{"line":227,"column":12}},"227":{"start":{"line":228,"column":0},"end":{"line":228,"column":18}},"228":{"start":{"line":229,"column":0},"end":{"line":229,"column":140}},"229":{"start":{"line":230,"column":0},"end":{"line":230,"column":21}},"230":{"start":{"line":231,"column":0},"end":{"line":231,"column":4}},"231":{"start":{"line":232,"column":0},"end":{"line":232,"column":7}},"232":{"start":{"line":233,"column":0},"end":{"line":233,"column":12}},"233":{"start":{"line":234,"column":0},"end":{"line":234,"column":18}},"234":{"start":{"line":235,"column":0},"end":{"line":235,"column":88}},"235":{"start":{"line":236,"column":0},"end":{"line":236,"column":21}},"236":{"start":{"line":237,"column":0},"end":{"line":237,"column":4}},"237":{"start":{"line":238,"column":0},"end":{"line":238,"column":10}},"238":{"start":{"line":239,"column":0},"end":{"line":239,"column":12}},"239":{"start":{"line":240,"column":0},"end":{"line":240,"column":18}},"240":{"start":{"line":241,"column":0},"end":{"line":241,"column":266}},"241":{"start":{"line":242,"column":0},"end":{"line":242,"column":21}},"242":{"start":{"line":243,"column":0},"end":{"line":243,"column":4}},"243":{"start":{"line":244,"column":0},"end":{"line":244,"column":9}},"244":{"start":{"line":245,"column":0},"end":{"line":245,"column":12}},"245":{"start":{"line":246,"column":0},"end":{"line":246,"column":20}},"246":{"start":{"line":247,"column":0},"end":{"line":247,"column":141}},"247":{"start":{"line":248,"column":0},"end":{"line":248,"column":21}},"248":{"start":{"line":249,"column":0},"end":{"line":249,"column":4}},"249":{"start":{"line":250,"column":0},"end":{"line":250,"column":8}},"250":{"start":{"line":251,"column":0},"end":{"line":251,"column":12}},"251":{"start":{"line":252,"column":0},"end":{"line":252,"column":22}},"252":{"start":{"line":253,"column":0},"end":{"line":253,"column":98}},"253":{"start":{"line":254,"column":0},"end":{"line":254,"column":21}},"254":{"start":{"line":255,"column":0},"end":{"line":255,"column":4}},"255":{"start":{"line":256,"column":0},"end":{"line":256,"column":6}},"256":{"start":{"line":257,"column":0},"end":{"line":257,"column":12}},"257":{"start":{"line":258,"column":0},"end":{"line":258,"column":18}},"258":{"start":{"line":259,"column":0},"end":{"line":259,"column":88}},"259":{"start":{"line":260,"column":0},"end":{"line":260,"column":21}},"260":{"start":{"line":261,"column":0},"end":{"line":261,"column":4}},"261":{"start":{"line":262,"column":0},"end":{"line":262,"column":9}},"262":{"start":{"line":263,"column":0},"end":{"line":263,"column":12}},"263":{"start":{"line":264,"column":0},"end":{"line":264,"column":18}},"264":{"start":{"line":265,"column":0},"end":{"line":265,"column":140}},"265":{"start":{"line":266,"column":0},"end":{"line":266,"column":21}},"266":{"start":{"line":267,"column":0},"end":{"line":267,"column":4}},"267":{"start":{"line":268,"column":0},"end":{"line":268,"column":8}},"268":{"start":{"line":269,"column":0},"end":{"line":269,"column":12}},"269":{"start":{"line":270,"column":0},"end":{"line":270,"column":17}},"270":{"start":{"line":271,"column":0},"end":{"line":271,"column":83}},"271":{"start":{"line":272,"column":0},"end":{"line":272,"column":21}},"272":{"start":{"line":273,"column":0},"end":{"line":273,"column":4}},"273":{"start":{"line":274,"column":0},"end":{"line":274,"column":2}},"275":{"start":{"line":276,"column":0},"end":{"line":276,"column":66}},"277":{"start":{"line":278,"column":0},"end":{"line":278,"column":37}},"279":{"start":{"line":280,"column":0},"end":{"line":280,"column":5}},"280":{"start":{"line":281,"column":0},"end":{"line":281,"column":58}},"281":{"start":{"line":282,"column":0},"end":{"line":282,"column":2}},"283":{"start":{"line":284,"column":0},"end":{"line":284,"column":52}},"284":{"start":{"line":285,"column":0},"end":{"line":285,"column":41}},"285":{"start":{"line":286,"column":0},"end":{"line":286,"column":16}},"286":{"start":{"line":287,"column":0},"end":{"line":287,"column":40}},"287":{"start":{"line":288,"column":0},"end":{"line":288,"column":4}},"288":{"start":{"line":289,"column":0},"end":{"line":289,"column":43}},"289":{"start":{"line":290,"column":0},"end":{"line":290,"column":16}},"290":{"start":{"line":291,"column":0},"end":{"line":291,"column":40}},"291":{"start":{"line":292,"column":0},"end":{"line":292,"column":4}},"292":{"start":{"line":293,"column":0},"end":{"line":293,"column":2}},"294":{"start":{"line":295,"column":0},"end":{"line":295,"column":54}}},"s":{"0":1,"15":1,"16":1,"18":1,"20":1,"21":1,"22":1,"23":1,"24":1,"25":1,"26":1,"27":1,"35":1,"36":1,"37":1,"38":1,"39":1,"40":1,"41":1,"42":1,"43":1,"44":1,"45":1,"46":1,"47":1,"48":1,"49":1,"50":1,"51":1,"52":1,"53":1,"54":1,"55":1,"56":1,"57":1,"58":1,"59":1,"60":1,"61":1,"62":1,"63":1,"64":1,"65":1,"66":1,"67":1,"68":1,"69":1,"70":1,"71":1,"72":1,"74":1,"75":1,"76":1,"77":1,"78":1,"79":1,"81":1,"83":1,"85":1,"86":1,"87":1,"88":1,"89":1,"90":1,"91":1,"92":1,"93":1,"94":1,"95":1,"96":1,"97":1,"98":1,"100":1,"101":1,"102":1,"103":1,"104":1,"105":1,"106":1,"108":1,"109":1,"110":1,"111":1,"112":1,"114":1,"115":1,"116":1,"117":1,"118":1,"119":1,"121":1,"122":1,"123":1,"124":1,"125":1,"126":1,"127":1,"128":1,"129":1,"130":1,"131":1,"132":1,"133":1,"134":1,"135":1,"136":1,"137":1,"139":1,"141":1,"142":1,"143":1,"144":1,"145":1,"147":1,"148":1,"149":1,"150":1,"151":1,"152":1,"153":1,"154":1,"155":1,"156":1,"157":1,"158":1,"159":1,"160":1,"161":1,"162":1,"163":1,"164":1,"165":1,"166":1,"167":1,"168":1,"169":1,"170":1,"171":1,"172":1,"173":1,"174":1,"175":1,"176":1,"177":1,"178":1,"179":1,"180":1,"181":1,"182":1,"183":1,"184":1,"185":1,"186":1,"187":1,"188":1,"189":1,"190":1,"191":1,"192":1,"193":1,"194":1,"195":1,"196":1,"197":1,"198":1,"199":1,"200":1,"201":1,"202":1,"203":1,"204":1,"206":1,"207":1,"208":1,"209":1,"210":1,"211":1,"212":1,"213":1,"214":1,"215":1,"216":1,"217":1,"218":1,"219":1,"220":1,"221":1,"222":1,"223":1,"224":1,"225":1,"226":1,"227":1,"228":1,"229":1,"230":1,"231":1,"232":1,"233":1,"234":1,"235":1,"236":1,"237":1,"238":1,"239":1,"240":1,"241":1,"242":1,"243":1,"244":1,"245":1,"246":1,"247":1,"248":1,"249":1,"250":1,"251":1,"252":1,"253":1,"254":1,"255":1,"256":1,"257":1,"258":1,"259":1,"260":1,"261":1,"262":1,"263":1,"264":1,"265":1,"266":1,"267":1,"268":1,"269":1,"270":1,"271":1,"272":1,"273":1,"275":1,"277":1,"279":1,"280":1,"281":1,"283":1,"284":1,"285":1,"286":1,"287":1,"288":1,"289":1,"290":1,"291":1,"292":1,"294":1},"branchMap":{},"b":{},"fnMap":{},"f":{}}
,"D:\\Desktop\\Job\\Stability\\stability-ui\\src\\constants\\tokens.ts": {"path":"D:\\Desktop\\Job\\Stability\\stability-ui\\src\\constants\\tokens.ts","all":false,"statementMap":{"2":{"start":{"line":3,"column":0},"end":{"line":3,"column":26}},"3":{"start":{"line":4,"column":0},"end":{"line":4,"column":47}},"4":{"start":{"line":5,"column":0},"end":{"line":5,"column":47}},"5":{"start":{"line":6,"column":0},"end":{"line":6,"column":47}},"6":{"start":{"line":7,"column":0},"end":{"line":7,"column":2}},"7":{"start":{"line":8,"column":0},"end":{"line":8,"column":26}},"8":{"start":{"line":9,"column":0},"end":{"line":9,"column":47}},"9":{"start":{"line":10,"column":0},"end":{"line":10,"column":47}},"10":{"start":{"line":11,"column":0},"end":{"line":11,"column":2}},"11":{"start":{"line":12,"column":0},"end":{"line":12,"column":25}},"12":{"start":{"line":13,"column":0},"end":{"line":13,"column":47}},"13":{"start":{"line":14,"column":0},"end":{"line":14,"column":47}},"14":{"start":{"line":15,"column":0},"end":{"line":15,"column":2}},"15":{"start":{"line":16,"column":0},"end":{"line":16,"column":74}},"16":{"start":{"line":17,"column":0},"end":{"line":17,"column":26}},"17":{"start":{"line":18,"column":0},"end":{"line":18,"column":47}},"18":{"start":{"line":19,"column":0},"end":{"line":19,"column":47}},"19":{"start":{"line":20,"column":0},"end":{"line":20,"column":2}},"20":{"start":{"line":21,"column":0},"end":{"line":21,"column":72}},"21":{"start":{"line":22,"column":0},"end":{"line":22,"column":74}},"22":{"start":{"line":23,"column":0},"end":{"line":23,"column":72}},"23":{"start":{"line":24,"column":0},"end":{"line":24,"column":70}},"24":{"start":{"line":25,"column":0},"end":{"line":25,"column":76}},"25":{"start":{"line":26,"column":0},"end":{"line":26,"column":76}},"26":{"start":{"line":27,"column":0},"end":{"line":27,"column":25}},"27":{"start":{"line":28,"column":0},"end":{"line":28,"column":47}},"28":{"start":{"line":29,"column":0},"end":{"line":29,"column":47}},"29":{"start":{"line":30,"column":0},"end":{"line":30,"column":2}},"30":{"start":{"line":31,"column":0},"end":{"line":31,"column":73}}},"s":{"2":1,"3":1,"4":1,"5":1,"6":1,"7":1,"8":1,"9":1,"10":1,"11":1,"12":1,"13":1,"14":1,"15":1,"16":1,"17":1,"18":1,"19":1,"20":1,"21":1,"22":1,"23":1,"24":1,"25":1,"26":1,"27":1,"28":1,"29":1,"30":1},"branchMap":{},"b":{},"fnMap":{},"f":{}}
,"D:\\Desktop\\Job\\Stability\\stability-ui\\src\\layouts\\index.ts": {"path":"D:\\Desktop\\Job\\Stability\\stability-ui\\src\\layouts\\index.ts","all":true,"statementMap":{"0":{"start":{"line":1,"column":0},"end":{"line":1,"column":40}}},"s":{"0":0},"branchMap":{"0":{"type":"branch","line":1,"loc":{"start":{"line":1,"column":0},"end":{"line":3,"column":-18}},"locations":[{"start":{"line":1,"column":0},"end":{"line":3,"column":-18}}]}},"b":{"0":[0]},"fnMap":{"0":{"name":"(empty-report)","decl":{"start":{"line":1,"column":0},"end":{"line":3,"column":-18}},"loc":{"start":{"line":1,"column":0},"end":{"line":3,"column":-18}},"line":1}},"f":{"0":0}}
,"D:\\Desktop\\Job\\Stability\\stability-ui\\src\\modules\\index.ts": {"path":"D:\\Desktop\\Job\\Stability\\stability-ui\\src\\modules\\index.ts","all":true,"statementMap":{"0":{"start":{"line":1,"column":0},"end":{"line":1,"column":44}},"1":{"start":{"line":2,"column":0},"end":{"line":2,"column":34}},"2":{"start":{"line":3,"column":0},"end":{"line":3,"column":32}},"3":{"start":{"line":4,"column":0},"end":{"line":4,"column":26}}},"s":{"0":0,"1":0,"2":0,"3":0},"branchMap":{"0":{"type":"branch","line":1,"loc":{"start":{"line":1,"column":188},"end":{"line":6,"column":42}},"locations":[{"start":{"line":1,"column":188},"end":{"line":6,"column":42}}]}},"b":{"0":[0]},"fnMap":{"0":{"name":"(empty-report)","decl":{"start":{"line":1,"column":188},"end":{"line":6,"column":42}},"loc":{"start":{"line":1,"column":188},"end":{"line":6,"column":42}},"line":1}},"f":{"0":0}}
,"D:\\Desktop\\Job\\Stability\\stability-ui\\src\\modules\\Vault\\constants\\index.ts": {"path":"D:\\Desktop\\Job\\Stability\\stability-ui\\src\\modules\\Vault\\constants\\index.ts","all":true,"statementMap":{"0":{"start":{"line":1,"column":0},"end":{"line":1,"column":47}},"2":{"start":{"line":3,"column":0},"end":{"line":3,"column":30}},"3":{"start":{"line":4,"column":0},"end":{"line":4,"column":30}},"4":{"start":{"line":5,"column":0},"end":{"line":5,"column":37}},"5":{"start":{"line":6,"column":0},"end":{"line":6,"column":26}},"6":{"start":{"line":7,"column":0},"end":{"line":7,"column":2}}},"s":{"0":0,"2":0,"3":0,"4":0,"5":0,"6":0},"branchMap":{"0":{"type":"branch","line":1,"loc":{"start":{"line":1,"column":226},"end":{"line":9,"column":38}},"locations":[{"start":{"line":1,"column":226},"end":{"line":9,"column":38}}]}},"b":{"0":[0]},"fnMap":{"0":{"name":"(empty-report)","decl":{"start":{"line":1,"column":226},"end":{"line":9,"column":38}},"loc":{"start":{"line":1,"column":226},"end":{"line":9,"column":38}},"line":1}},"f":{"0":0}}
,"D:\\Desktop\\Job\\Stability\\stability-ui\\src\\modules\\Vault\\functions\\getAssetAllowance.ts": {"path":"D:\\Desktop\\Job\\Stability\\stability-ui\\src\\modules\\Vault\\functions\\getAssetAllowance.ts","all":false,"statementMap":{"0":{"start":{"line":1,"column":0},"end":{"line":1,"column":34}},"2":{"start":{"line":3,"column":0},"end":{"line":3,"column":33}},"4":{"start":{"line":5,"column":0},"end":{"line":5,"column":33}},"8":{"start":{"line":9,"column":0},"end":{"line":9,"column":33}},"9":{"start":{"line":10,"column":0},"end":{"line":10,"column":18}},"10":{"start":{"line":11,"column":0},"end":{"line":11,"column":18}},"11":{"start":{"line":12,"column":0},"end":{"line":12,"column":14}},"12":{"start":{"line":13,"column":0},"end":{"line":13,"column":25}},"13":{"start":{"line":14,"column":0},"end":{"line":14,"column":30}},"14":{"start":{"line":15,"column":0},"end":{"line":15,"column":15}},"15":{"start":{"line":16,"column":0},"end":{"line":16,"column":23}},"16":{"start":{"line":17,"column":0},"end":{"line":17,"column":40}},"18":{"start":{"line":19,"column":0},"end":{"line":19,"column":59}},"20":{"start":{"line":21,"column":0},"end":{"line":21,"column":31}},"21":{"start":{"line":22,"column":0},"end":{"line":22,"column":74}},"23":{"start":{"line":24,"column":0},"end":{"line":24,"column":52}},"24":{"start":{"line":25,"column":0},"end":{"line":25,"column":21}},"25":{"start":{"line":26,"column":0},"end":{"line":26,"column":18}},"26":{"start":{"line":27,"column":0},"end":{"line":27,"column":30}},"27":{"start":{"line":28,"column":0},"end":{"line":28,"column":51}},"28":{"start":{"line":29,"column":0},"end":{"line":29,"column":5}},"30":{"start":{"line":31,"column":0},"end":{"line":31,"column":23}},"31":{"start":{"line":32,"column":0},"end":{"line":32,"column":2}}},"s":{"0":1,"2":1,"4":1,"8":1,"9":2,"10":2,"11":2,"12":2,"13":2,"14":2,"15":2,"16":2,"18":2,"20":2,"21":2,"23":2,"24":2,"25":2,"26":2,"27":2,"28":2,"30":2,"31":2},"branchMap":{"0":{"type":"branch","line":9,"loc":{"start":{"line":9,"column":26},"end":{"line":32,"column":2}},"locations":[{"start":{"line":9,"column":26},"end":{"line":32,"column":2}}]},"1":{"type":"branch","line":19,"loc":{"start":{"line":19,"column":26},"end":{"line":19,"column":46}},"locations":[{"start":{"line":19,"column":26},"end":{"line":19,"column":46}}]},"2":{"type":"branch","line":19,"loc":{"start":{"line":19,"column":38},"end":{"line":19,"column":59}},"locations":[{"start":{"line":19,"column":38},"end":{"line":19,"column":59}}]},"3":{"type":"branch","line":22,"loc":{"start":{"line":22,"column":12},"end":{"line":22,"column":55}},"locations":[{"start":{"line":22,"column":12},"end":{"line":22,"column":55}}]},"4":{"type":"branch","line":22,"loc":{"start":{"line":22,"column":35},"end":{"line":22,"column":70}},"locations":[{"start":{"line":22,"column":35},"end":{"line":22,"column":70}}]}},"b":{"0":[2],"1":[1],"2":[1],"3":[1],"4":[0]},"fnMap":{"0":{"name":"getAssetAllowance","decl":{"start":{"line":9,"column":26},"end":{"line":32,"column":2}},"loc":{"start":{"line":9,"column":26},"end":{"line":32,"column":2}},"line":9}},"f":{"0":2}}
,"D:\\Desktop\\Job\\Stability\\stability-ui\\src\\modules\\Vault\\functions\\getAssetsBalances.ts": {"path":"D:\\Desktop\\Job\\Stability\\stability-ui\\src\\modules\\Vault\\functions\\getAssetsBalances.ts","all":false,"statementMap":{"0":{"start":{"line":1,"column":0},"end":{"line":1,"column":35}},"2":{"start":{"line":3,"column":0},"end":{"line":3,"column":38}},"7":{"start":{"line":8,"column":0},"end":{"line":8,"column":27}},"8":{"start":{"line":9,"column":0},"end":{"line":9,"column":22}},"9":{"start":{"line":10,"column":0},"end":{"line":10,"column":45}},"10":{"start":{"line":11,"column":0},"end":{"line":11,"column":20}},"11":{"start":{"line":12,"column":0},"end":{"line":12,"column":35}},"12":{"start":{"line":13,"column":0},"end":{"line":13,"column":12}},"13":{"start":{"line":14,"column":0},"end":{"line":14,"column":36}},"15":{"start":{"line":16,"column":0},"end":{"line":16,"column":17}},"16":{"start":{"line":17,"column":0},"end":{"line":17,"column":46}},"17":{"start":{"line":18,"column":0},"end":{"line":18,"column":58}},"19":{"start":{"line":20,"column":0},"end":{"line":20,"column":21}},"20":{"start":{"line":21,"column":0},"end":{"line":21,"column":42}},"21":{"start":{"line":22,"column":0},"end":{"line":22,"column":45}},"22":{"start":{"line":23,"column":0},"end":{"line":23,"column":18}},"23":{"start":{"line":24,"column":0},"end":{"line":24,"column":10}},"24":{"start":{"line":25,"column":0},"end":{"line":25,"column":7}},"25":{"start":{"line":26,"column":0},"end":{"line":26,"column":5}},"26":{"start":{"line":27,"column":0},"end":{"line":27,"column":3}},"27":{"start":{"line":28,"column":0},"end":{"line":28,"column":48}},"28":{"start":{"line":29,"column":0},"end":{"line":29,"column":50}},"29":{"start":{"line":30,"column":0},"end":{"line":30,"column":3}},"31":{"start":{"line":32,"column":0},"end":{"line":32,"column":23}},"32":{"start":{"line":33,"column":0},"end":{"line":33,"column":2}}},"s":{"0":1,"2":1,"7":1,"8":2,"9":2,"10":2,"11":2,"12":2,"13":2,"15":2,"16":2,"17":2,"19":2,"20":1,"21":1,"22":1,"23":1,"24":1,"25":2,"26":2,"27":2,"28":1,"29":1,"31":2,"32":2},"branchMap":{"0":{"type":"branch","line":8,"loc":{"start":{"line":8,"column":26},"end":{"line":33,"column":2}},"locations":[{"start":{"line":8,"column":26},"end":{"line":33,"column":2}}]},"1":{"type":"branch","line":18,"loc":{"start":{"line":18,"column":46},"end":{"line":18,"column":58}},"locations":[{"start":{"line":18,"column":46},"end":{"line":18,"column":58}}]},"2":{"type":"branch","line":20,"loc":{"start":{"line":20,"column":20},"end":{"line":25,"column":7}},"locations":[{"start":{"line":20,"column":20},"end":{"line":25,"column":7}}]},"3":{"type":"branch","line":28,"loc":{"start":{"line":28,"column":47},"end":{"line":30,"column":3}},"locations":[{"start":{"line":28,"column":47},"end":{"line":30,"column":3}}]}},"b":{"0":[2],"1":[1],"2":[1],"3":[1]},"fnMap":{"0":{"name":"getAssetsBalances","decl":{"start":{"line":8,"column":26},"end":{"line":33,"column":2}},"loc":{"start":{"line":8,"column":26},"end":{"line":33,"column":2}},"line":8}},"f":{"0":2}}
,"D:\\Desktop\\Job\\Stability\\stability-ui\\src\\modules\\Vault\\functions\\getPlatformBalance.ts": {"path":"D:\\Desktop\\Job\\Stability\\stability-ui\\src\\modules\\Vault\\functions\\getPlatformBalance.ts","all":false,"statementMap":{"0":{"start":{"line":1,"column":0},"end":{"line":1,"column":42}},"2":{"start":{"line":3,"column":0},"end":{"line":3,"column":40}},"4":{"start":{"line":5,"column":0},"end":{"line":5,"column":47}},"8":{"start":{"line":9,"column":0},"end":{"line":9,"column":34}},"9":{"start":{"line":10,"column":0},"end":{"line":10,"column":20}},"10":{"start":{"line":11,"column":0},"end":{"line":11,"column":18}},"11":{"start":{"line":12,"column":0},"end":{"line":12,"column":19}},"12":{"start":{"line":13,"column":0},"end":{"line":13,"column":38}},"13":{"start":{"line":14,"column":0},"end":{"line":14,"column":60}},"14":{"start":{"line":15,"column":0},"end":{"line":15,"column":32}},"15":{"start":{"line":16,"column":0},"end":{"line":16,"column":21}},"16":{"start":{"line":17,"column":0},"end":{"line":17,"column":31}},"17":{"start":{"line":18,"column":0},"end":{"line":18,"column":20}},"18":{"start":{"line":19,"column":0},"end":{"line":19,"column":5}},"20":{"start":{"line":21,"column":0},"end":{"line":21,"column":65}},"22":{"start":{"line":23,"column":0},"end":{"line":23,"column":43}},"24":{"start":{"line":25,"column":0},"end":{"line":25,"column":46}},"26":{"start":{"line":27,"column":0},"end":{"line":27,"column":34}},"28":{"start":{"line":29,"column":0},"end":{"line":29,"column":30}},"29":{"start":{"line":30,"column":0},"end":{"line":30,"column":2}}},"s":{"0":1,"2":1,"4":1,"8":1,"9":1,"10":1,"11":1,"12":1,"13":1,"14":1,"15":1,"16":1,"17":1,"18":1,"20":1,"22":1,"24":1,"26":1,"28":1,"29":1},"branchMap":{"0":{"type":"branch","line":9,"loc":{"start":{"line":9,"column":27},"end":{"line":30,"column":2}},"locations":[{"start":{"line":9,"column":27},"end":{"line":30,"column":2}}]}},"b":{"0":[1]},"fnMap":{"0":{"name":"getPlatformBalance","decl":{"start":{"line":9,"column":27},"end":{"line":30,"column":2}},"loc":{"start":{"line":9,"column":27},"end":{"line":30,"column":2}},"line":9}},"f":{"0":1}}
,"D:\\Desktop\\Job\\Stability\\stability-ui\\src\\modules\\Vault\\functions\\index.ts": {"path":"D:\\Desktop\\Job\\Stability\\stability-ui\\src\\modules\\Vault\\functions\\index.ts","all":false,"statementMap":{"0":{"start":{"line":1,"column":0},"end":{"line":1,"column":56}},"1":{"start":{"line":2,"column":0},"end":{"line":2,"column":58}},"2":{"start":{"line":3,"column":0},"end":{"line":3,"column":56}}},"s":{"0":1,"1":1,"2":1},"branchMap":{},"b":{},"fnMap":{},"f":{}}
,"D:\\Desktop\\Job\\Stability\\stability-ui\\src\\modules\\Vaults\\functions\\dataSorter.ts": {"path":"D:\\Desktop\\Job\\Stability\\stability-ui\\src\\modules\\Vaults\\functions\\dataSorter.ts","all":false,"statementMap":{"0":{"start":{"line":1,"column":0},"end":{"line":1,"column":27}},"1":{"start":{"line":2,"column":0},"end":{"line":2,"column":12}},"2":{"start":{"line":3,"column":0},"end":{"line":3,"column":12}},"3":{"start":{"line":4,"column":0},"end":{"line":4,"column":19}},"4":{"start":{"line":5,"column":0},"end":{"line":5,"column":19}},"5":{"start":{"line":6,"column":0},"end":{"line":6,"column":14}},"6":{"start":{"line":7,"column":0},"end":{"line":7,"column":30}},"7":{"start":{"line":8,"column":0},"end":{"line":8,"column":38}},"8":{"start":{"line":9,"column":0},"end":{"line":9,"column":29}},"9":{"start":{"line":10,"column":0},"end":{"line":10,"column":30}},"10":{"start":{"line":11,"column":0},"end":{"line":11,"column":3}},"11":{"start":{"line":12,"column":0},"end":{"line":12,"column":30}},"12":{"start":{"line":13,"column":0},"end":{"line":13,"column":38}},"13":{"start":{"line":14,"column":0},"end":{"line":14,"column":26}},"14":{"start":{"line":15,"column":0},"end":{"line":15,"column":27}},"15":{"start":{"line":16,"column":0},"end":{"line":16,"column":3}},"16":{"start":{"line":17,"column":0},"end":{"line":17,"column":11}},"17":{"start":{"line":18,"column":0},"end":{"line":18,"column":2}}},"s":{"0":1,"1":14,"2":14,"3":14,"4":14,"5":14,"6":14,"7":6,"8":3,"9":3,"10":6,"11":14,"12":6,"13":3,"14":3,"15":6,"16":2,"17":2},"branchMap":{"0":{"type":"branch","line":1,"loc":{"start":{"line":1,"column":26},"end":{"line":18,"column":2}},"locations":[{"start":{"line":1,"column":26},"end":{"line":18,"column":2}}]},"1":{"type":"branch","line":7,"loc":{"start":{"line":7,"column":29},"end":{"line":11,"column":3}},"locations":[{"start":{"line":7,"column":29},"end":{"line":11,"column":3}}]},"2":{"type":"branch","line":8,"loc":{"start":{"line":8,"column":25},"end":{"line":9,"column":29}},"locations":[{"start":{"line":8,"column":25},"end":{"line":9,"column":29}}]},"3":{"type":"branch","line":9,"loc":{"start":{"line":9,"column":28},"end":{"line":10,"column":30}},"locations":[{"start":{"line":9,"column":28},"end":{"line":10,"column":30}}]},"4":{"type":"branch","line":11,"loc":{"start":{"line":11,"column":2},"end":{"line":12,"column":29}},"locations":[{"start":{"line":11,"column":2},"end":{"line":12,"column":29}}]},"5":{"type":"branch","line":12,"loc":{"start":{"line":12,"column":29},"end":{"line":16,"column":3}},"locations":[{"start":{"line":12,"column":29},"end":{"line":16,"column":3}}]},"6":{"type":"branch","line":13,"loc":{"start":{"line":13,"column":25},"end":{"line":14,"column":26}},"locations":[{"start":{"line":13,"column":25},"end":{"line":14,"column":26}}]},"7":{"type":"branch","line":14,"loc":{"start":{"line":14,"column":25},"end":{"line":15,"column":27}},"locations":[{"start":{"line":14,"column":25},"end":{"line":15,"column":27}}]},"8":{"type":"branch","line":16,"loc":{"start":{"line":16,"column":2},"end":{"line":18,"column":2}},"locations":[{"start":{"line":16,"column":2},"end":{"line":18,"column":2}}]}},"b":{"0":[14],"1":[6],"2":[3],"3":[3],"4":[8],"5":[6],"6":[3],"7":[3],"8":[2]},"fnMap":{"0":{"name":"dataSorter","decl":{"start":{"line":1,"column":26},"end":{"line":18,"column":2}},"loc":{"start":{"line":1,"column":26},"end":{"line":18,"column":2}},"line":1}},"f":{"0":14}}
,"D:\\Desktop\\Job\\Stability\\stability-ui\\src\\modules\\Vaults\\functions\\initFilters.ts": {"path":"D:\\Desktop\\Job\\Stability\\stability-ui\\src\\modules\\Vaults\\functions\\initFilters.ts","all":false,"statementMap":{"2":{"start":{"line":3,"column":0},"end":{"line":3,"column":28}},"3":{"start":{"line":4,"column":0},"end":{"line":4,"column":19}},"4":{"start":{"line":5,"column":0},"end":{"line":5,"column":32}},"5":{"start":{"line":6,"column":0},"end":{"line":6,"column":73}},"6":{"start":{"line":7,"column":0},"end":{"line":7,"column":42}},"7":{"start":{"line":8,"column":0},"end":{"line":8,"column":12}},"8":{"start":{"line":9,"column":0},"end":{"line":9,"column":32}},"9":{"start":{"line":10,"column":0},"end":{"line":10,"column":68}},"10":{"start":{"line":11,"column":0},"end":{"line":11,"column":4}},"12":{"start":{"line":13,"column":0},"end":{"line":13,"column":65}},"13":{"start":{"line":14,"column":0},"end":{"line":14,"column":15}},"14":{"start":{"line":15,"column":0},"end":{"line":15,"column":17}},"15":{"start":{"line":16,"column":0},"end":{"line":16,"column":6}},"17":{"start":{"line":18,"column":0},"end":{"line":18,"column":42}},"18":{"start":{"line":19,"column":0},"end":{"line":19,"column":71}},"19":{"start":{"line":20,"column":0},"end":{"line":20,"column":4}},"22":{"start":{"line":23,"column":0},"end":{"line":23,"column":67}},"24":{"start":{"line":25,"column":0},"end":{"line":25,"column":45}},"25":{"start":{"line":26,"column":0},"end":{"line":26,"column":53}},"26":{"start":{"line":27,"column":0},"end":{"line":27,"column":49}},"27":{"start":{"line":28,"column":0},"end":{"line":28,"column":49}},"28":{"start":{"line":29,"column":0},"end":{"line":29,"column":47}},"30":{"start":{"line":31,"column":0},"end":{"line":31,"column":18}},"31":{"start":{"line":32,"column":0},"end":{"line":32,"column":38}},"32":{"start":{"line":33,"column":0},"end":{"line":33,"column":68}},"33":{"start":{"line":34,"column":0},"end":{"line":34,"column":6}},"34":{"start":{"line":35,"column":0},"end":{"line":35,"column":3}},"35":{"start":{"line":36,"column":0},"end":{"line":36,"column":22}},"36":{"start":{"line":37,"column":0},"end":{"line":37,"column":40}},"37":{"start":{"line":38,"column":0},"end":{"line":38,"column":48}},"38":{"start":{"line":39,"column":0},"end":{"line":39,"column":11}},"39":{"start":{"line":40,"column":0},"end":{"line":40,"column":17}},"40":{"start":{"line":41,"column":0},"end":{"line":41,"column":21}},"41":{"start":{"line":42,"column":0},"end":{"line":42,"column":66}},"42":{"start":{"line":43,"column":0},"end":{"line":43,"column":53}},"43":{"start":{"line":44,"column":0},"end":{"line":44,"column":45}},"44":{"start":{"line":45,"column":0},"end":{"line":45,"column":47}},"45":{"start":{"line":46,"column":0},"end":{"line":46,"column":49}},"46":{"start":{"line":47,"column":0},"end":{"line":47,"column":23}},"47":{"start":{"line":48,"column":0},"end":{"line":48,"column":11}},"48":{"start":{"line":49,"column":0},"end":{"line":49,"column":12}},"49":{"start":{"line":50,"column":0},"end":{"line":50,"column":7}},"50":{"start":{"line":51,"column":0},"end":{"line":51,"column":3}},"51":{"start":{"line":52,"column":0},"end":{"line":52,"column":20}},"52":{"start":{"line":53,"column":0},"end":{"line":53,"column":40}},"53":{"start":{"line":54,"column":0},"end":{"line":54,"column":49}},"54":{"start":{"line":55,"column":0},"end":{"line":55,"column":35}},"55":{"start":{"line":56,"column":0},"end":{"line":56,"column":33}},"56":{"start":{"line":57,"column":0},"end":{"line":57,"column":35}},"57":{"start":{"line":58,"column":0},"end":{"line":58,"column":7}},"58":{"start":{"line":59,"column":0},"end":{"line":59,"column":15}},"59":{"start":{"line":60,"column":0},"end":{"line":60,"column":7}},"60":{"start":{"line":61,"column":0},"end":{"line":61,"column":3}},"61":{"start":{"line":62,"column":0},"end":{"line":62,"column":20}},"62":{"start":{"line":63,"column":0},"end":{"line":63,"column":40}},"63":{"start":{"line":64,"column":0},"end":{"line":64,"column":46}},"64":{"start":{"line":65,"column":0},"end":{"line":65,"column":39}},"65":{"start":{"line":66,"column":0},"end":{"line":66,"column":33}},"66":{"start":{"line":67,"column":0},"end":{"line":67,"column":35}},"67":{"start":{"line":68,"column":0},"end":{"line":68,"column":7}},"68":{"start":{"line":69,"column":0},"end":{"line":69,"column":15}},"69":{"start":{"line":70,"column":0},"end":{"line":70,"column":7}},"70":{"start":{"line":71,"column":0},"end":{"line":71,"column":3}},"71":{"start":{"line":72,"column":0},"end":{"line":72,"column":19}},"72":{"start":{"line":73,"column":0},"end":{"line":73,"column":32}},"73":{"start":{"line":74,"column":0},"end":{"line":74,"column":3}},"74":{"start":{"line":75,"column":0},"end":{"line":75,"column":30}},"75":{"start":{"line":76,"column":0},"end":{"line":76,"column":2}}},"s":{"2":1,"3":3,"4":3,"5":3,"6":3,"7":3,"8":3,"9":3,"10":3,"12":3,"13":6,"14":6,"15":3,"17":3,"18":9,"19":3,"22":3,"24":3,"25":3,"26":3,"27":3,"28":3,"30":3,"31":2,"32":6,"33":2,"34":2,"35":3,"36":2,"37":6,"38":2,"39":2,"40":2,"41":2,"42":4,"43":4,"44":2,"45":2,"46":2,"47":2,"48":4,"49":2,"50":2,"51":3,"52":1,"53":3,"54":1,"55":1,"56":0,"57":1,"58":2,"59":1,"60":1,"61":3,"62":1,"63":3,"64":1,"65":1,"66":0,"67":1,"68":2,"69":1,"70":1,"71":3,"72":1,"73":1,"74":3,"75":3},"branchMap":{"0":{"type":"branch","line":3,"loc":{"start":{"line":3,"column":27},"end":{"line":76,"column":2}},"locations":[{"start":{"line":3,"column":27},"end":{"line":76,"column":2}}]},"1":{"type":"branch","line":31,"loc":{"start":{"line":31,"column":17},"end":{"line":35,"column":3}},"locations":[{"start":{"line":31,"column":17},"end":{"line":35,"column":3}}]},"2":{"type":"branch","line":36,"loc":{"start":{"line":36,"column":21},"end":{"line":51,"column":3}},"locations":[{"start":{"line":36,"column":21},"end":{"line":51,"column":3}}]},"3":{"type":"branch","line":52,"loc":{"start":{"line":52,"column":19},"end":{"line":61,"column":3}},"locations":[{"start":{"line":52,"column":19},"end":{"line":61,"column":3}}]},"4":{"type":"branch","line":62,"loc":{"start":{"line":62,"column":19},"end":{"line":71,"column":3}},"locations":[{"start":{"line":62,"column":19},"end":{"line":71,"column":3}}]},"5":{"type":"branch","line":72,"loc":{"start":{"line":72,"column":18},"end":{"line":74,"column":3}},"locations":[{"start":{"line":72,"column":18},"end":{"line":74,"column":3}}]},"6":{"type":"branch","line":10,"loc":{"start":{"line":10,"column":26},"end":{"line":10,"column":65}},"locations":[{"start":{"line":10,"column":26},"end":{"line":10,"column":65}}]},"7":{"type":"branch","line":13,"loc":{"start":{"line":13,"column":45},"end":{"line":16,"column":4}},"locations":[{"start":{"line":13,"column":45},"end":{"line":16,"column":4}}]},"8":{"type":"branch","line":18,"loc":{"start":{"line":18,"column":36},"end":{"line":19,"column":71}},"locations":[{"start":{"line":18,"column":36},"end":{"line":19,"column":71}}]},"9":{"type":"branch","line":19,"loc":{"start":{"line":19,"column":15},"end":{"line":19,"column":70}},"locations":[{"start":{"line":19,"column":15},"end":{"line":19,"column":70}}]},"10":{"type":"branch","line":19,"loc":{"start":{"line":19,"column":66},"end":{"line":19,"column":71}},"locations":[{"start":{"line":19,"column":66},"end":{"line":19,"column":71}}]},"11":{"type":"branch","line":32,"loc":{"start":{"line":32,"column":32},"end":{"line":33,"column":68}},"locations":[{"start":{"line":32,"column":32},"end":{"line":33,"column":68}}]},"12":{"type":"branch","line":33,"loc":{"start":{"line":33,"column":31},"end":{"line":33,"column":67}},"locations":[{"start":{"line":33,"column":31},"end":{"line":33,"column":67}}]},"13":{"type":"branch","line":37,"loc":{"start":{"line":37,"column":32},"end":{"line":50,"column":5}},"locations":[{"start":{"line":37,"column":32},"end":{"line":50,"column":5}}]},"14":{"type":"branch","line":38,"loc":{"start":{"line":38,"column":38},"end":{"line":48,"column":11}},"locations":[{"start":{"line":38,"column":38},"end":{"line":48,"column":11}}]},"15":{"type":"branch","line":47,"loc":{"start":{"line":47,"column":15},"end":{"line":47,"column":23}},"locations":[{"start":{"line":47,"column":15},"end":{"line":47,"column":23}}]},"16":{"type":"branch","line":48,"loc":{"start":{"line":48,"column":10},"end":{"line":49,"column":12}},"locations":[{"start":{"line":48,"column":10},"end":{"line":49,"column":12}}]},"17":{"type":"branch","line":42,"loc":{"start":{"line":42,"column":30},"end":{"line":47,"column":15}},"locations":[{"start":{"line":42,"column":30},"end":{"line":47,"column":15}}]},"18":{"type":"branch","line":44,"loc":{"start":{"line":44,"column":44},"end":{"line":45,"column":47}},"locations":[{"start":{"line":44,"column":44},"end":{"line":45,"column":47}}]},"19":{"type":"branch","line":45,"loc":{"start":{"line":45,"column":46},"end":{"line":46,"column":49}},"locations":[{"start":{"line":45,"column":46},"end":{"line":46,"column":49}}]},"20":{"type":"branch","line":53,"loc":{"start":{"line":53,"column":32},"end":{"line":60,"column":5}},"locations":[{"start":{"line":53,"column":32},"end":{"line":60,"column":5}}]},"21":{"type":"branch","line":54,"loc":{"start":{"line":54,"column":48},"end":{"line":58,"column":7}},"locations":[{"start":{"line":54,"column":48},"end":{"line":58,"column":7}}]},"22":{"type":"branch","line":56,"loc":{"start":{"line":56,"column":32},"end":{"line":57,"column":35}},"locations":[{"start":{"line":56,"column":32},"end":{"line":57,"column":35}}]},"23":{"type":"branch","line":58,"loc":{"start":{"line":58,"column":6},"end":{"line":59,"column":15}},"locations":[{"start":{"line":58,"column":6},"end":{"line":59,"column":15}}]},"24":{"type":"branch","line":63,"loc":{"start":{"line":63,"column":32},"end":{"line":70,"column":5}},"locations":[{"start":{"line":63,"column":32},"end":{"line":70,"column":5}}]},"25":{"type":"branch","line":64,"loc":{"start":{"line":64,"column":45},"end":{"line":68,"column":7}},"locations":[{"start":{"line":64,"column":45},"end":{"line":68,"column":7}}]},"26":{"type":"branch","line":66,"loc":{"start":{"line":66,"column":32},"end":{"line":67,"column":35}},"locations":[{"start":{"line":66,"column":32},"end":{"line":67,"column":35}}]},"27":{"type":"branch","line":68,"loc":{"start":{"line":68,"column":6},"end":{"line":69,"column":15}},"locations":[{"start":{"line":68,"column":6},"end":{"line":69,"column":15}}]}},"b":{"0":[3],"1":[2],"2":[2],"3":[1],"4":[1],"5":[1],"6":[6],"7":[6],"8":[9],"9":[3],"10":[6],"11":[6],"12":[0],"13":[6],"14":[2],"15":[0],"16":[4],"17":[4],"18":[2],"19":[2],"20":[3],"21":[1],"22":[0],"23":[2],"24":[3],"25":[1],"26":[0],"27":[2]},"fnMap":{"0":{"name":"initFilters","decl":{"start":{"line":3,"column":27},"end":{"line":76,"column":2}},"loc":{"start":{"line":3,"column":27},"end":{"line":76,"column":2}},"line":3}},"f":{"0":3}}
,"D:\\Desktop\\Job\\Stability\\stability-ui\\src\\modules\\Vaults\\functions\\toVault.ts": {"path":"D:\\Desktop\\Job\\Stability\\stability-ui\\src\\modules\\Vaults\\functions\\toVault.ts","all":true,"statementMap":{"0":{"start":{"line":1,"column":0},"end":{"line":1,"column":68}},"1":{"start":{"line":2,"column":0},"end":{"line":2,"column":56}},"2":{"start":{"line":3,"column":0},"end":{"line":3,"column":2}}},"s":{"0":0,"1":0,"2":0},"branchMap":{"0":{"type":"branch","line":1,"loc":{"start":{"line":1,"column":130},"end":{"line":3,"column":2}},"locations":[{"start":{"line":1,"column":130},"end":{"line":3,"column":2}}]}},"b":{"0":[0]},"fnMap":{"0":{"name":"(empty-report)","decl":{"start":{"line":1,"column":130},"end":{"line":3,"column":2}},"loc":{"start":{"line":1,"column":130},"end":{"line":3,"column":2}},"line":1}},"f":{"0":0}}
,"D:\\Desktop\\Job\\Stability\\stability-ui\\src\\types\\index.ts": {"path":"D:\\Desktop\\Job\\Stability\\stability-ui\\src\\types\\index.ts","all":true,"statementMap":{},"s":{},"branchMap":{"0":{"type":"branch","line":1,"loc":{"start":{"line":1,"column":8884},"end":{"line":534,"column":2}},"locations":[{"start":{"line":1,"column":8884},"end":{"line":534,"column":2}}]}},"b":{"0":[1]},"fnMap":{"0":{"name":"(empty-report)","decl":{"start":{"line":1,"column":8884},"end":{"line":534,"column":2}},"loc":{"start":{"line":1,"column":8884},"end":{"line":534,"column":2}},"line":1}},"f":{"0":1}}
,"D:\\Desktop\\Job\\Stability\\stability-ui\\src\\utils\\index.ts": {"path":"D:\\Desktop\\Job\\Stability\\stability-ui\\src\\utils\\index.ts","all":false,"statementMap":{"0":{"start":{"line":1,"column":0},"end":{"line":1,"column":56}},"1":{"start":{"line":2,"column":0},"end":{"line":2,"column":56}},"2":{"start":{"line":3,"column":0},"end":{"line":3,"column":64}},"3":{"start":{"line":4,"column":0},"end":{"line":4,"column":56}},"4":{"start":{"line":5,"column":0},"end":{"line":5,"column":66}},"5":{"start":{"line":6,"column":0},"end":{"line":6,"column":62}},"6":{"start":{"line":7,"column":0},"end":{"line":7,"column":64}},"7":{"start":{"line":8,"column":0},"end":{"line":8,"column":56}},"8":{"start":{"line":9,"column":0},"end":{"line":9,"column":60}},"9":{"start":{"line":10,"column":0},"end":{"line":10,"column":48}},"10":{"start":{"line":11,"column":0},"end":{"line":11,"column":50}},"11":{"start":{"line":12,"column":0},"end":{"line":12,"column":66}},"12":{"start":{"line":13,"column":0},"end":{"line":13,"column":46}},"13":{"start":{"line":14,"column":0},"end":{"line":14,"column":62}},"14":{"start":{"line":15,"column":0},"end":{"line":15,"column":56}},"15":{"start":{"line":16,"column":0},"end":{"line":16,"column":64}},"16":{"start":{"line":17,"column":0},"end":{"line":17,"column":70}}},"s":{"0":1,"1":1,"2":1,"3":1,"4":1,"5":1,"6":1,"7":1,"8":1,"9":1,"10":1,"11":1,"12":1,"13":1,"14":1,"15":1,"16":1},"branchMap":{},"b":{},"fnMap":{},"f":{}}
,"D:\\Desktop\\Job\\Stability\\stability-ui\\src\\utils\\functions\\addAssetToWallet.ts": {"path":"D:\\Desktop\\Job\\Stability\\stability-ui\\src\\utils\\functions\\addAssetToWallet.ts","all":false,"statementMap":{"7":{"start":{"line":8,"column":0},"end":{"line":8,"column":39}},"8":{"start":{"line":9,"column":0},"end":{"line":9,"column":14}},"9":{"start":{"line":10,"column":0},"end":{"line":10,"column":18}},"10":{"start":{"line":11,"column":0},"end":{"line":11,"column":19}},"11":{"start":{"line":12,"column":0},"end":{"line":12,"column":17}},"12":{"start":{"line":13,"column":0},"end":{"line":13,"column":16}},"13":{"start":{"line":14,"column":0},"end":{"line":14,"column":21}},"14":{"start":{"line":15,"column":0},"end":{"line":15,"column":7}},"15":{"start":{"line":16,"column":0},"end":{"line":16,"column":31}},"16":{"start":{"line":17,"column":0},"end":{"line":17,"column":23}},"17":{"start":{"line":18,"column":0},"end":{"line":18,"column":25}},"18":{"start":{"line":19,"column":0},"end":{"line":19,"column":21}},"19":{"start":{"line":20,"column":0},"end":{"line":20,"column":6}},"21":{"start":{"line":22,"column":0},"end":{"line":22,"column":16}},"22":{"start":{"line":23,"column":0},"end":{"line":23,"column":28}},"23":{"start":{"line":24,"column":0},"end":{"line":24,"column":5}},"25":{"start":{"line":26,"column":0},"end":{"line":26,"column":35}},"26":{"start":{"line":27,"column":0},"end":{"line":27,"column":20}},"27":{"start":{"line":28,"column":0},"end":{"line":28,"column":23}},"28":{"start":{"line":29,"column":0},"end":{"line":29,"column":7}},"29":{"start":{"line":30,"column":0},"end":{"line":30,"column":19}},"30":{"start":{"line":31,"column":0},"end":{"line":31,"column":43}},"31":{"start":{"line":32,"column":0},"end":{"line":32,"column":3}},"32":{"start":{"line":33,"column":0},"end":{"line":33,"column":2}}},"s":{"7":1,"8":3,"9":3,"10":3,"11":3,"12":3,"13":3,"14":3,"15":3,"16":3,"17":3,"18":3,"19":3,"21":3,"22":1,"23":1,"25":3,"26":3,"27":3,"28":3,"29":3,"30":1,"31":1,"32":3},"branchMap":{"0":{"type":"branch","line":8,"loc":{"start":{"line":8,"column":32},"end":{"line":33,"column":2}},"locations":[{"start":{"line":8,"column":32},"end":{"line":33,"column":2}}]},"1":{"type":"branch","line":22,"loc":{"start":{"line":22,"column":15},"end":{"line":24,"column":5}},"locations":[{"start":{"line":22,"column":15},"end":{"line":24,"column":5}}]},"2":{"type":"branch","line":29,"loc":{"start":{"line":29,"column":5},"end":{"line":30,"column":11}},"locations":[{"start":{"line":29,"column":5},"end":{"line":30,"column":11}}]},"3":{"type":"branch","line":30,"loc":{"start":{"line":30,"column":2},"end":{"line":32,"column":3}},"locations":[{"start":{"line":30,"column":2},"end":{"line":32,"column":3}}]}},"b":{"0":[3],"1":[1],"2":[2],"3":[1]},"fnMap":{"0":{"name":"addAssetToWallet","decl":{"start":{"line":8,"column":32},"end":{"line":33,"column":2}},"loc":{"start":{"line":8,"column":32},"end":{"line":33,"column":2}},"line":8}},"f":{"0":3}}
,"D:\\Desktop\\Job\\Stability\\stability-ui\\src\\utils\\functions\\addAssetsBalance.ts": {"path":"D:\\Desktop\\Job\\Stability\\stability-ui\\src\\utils\\functions\\addAssetsBalance.ts","all":false,"statementMap":{"2":{"start":{"line":3,"column":0},"end":{"line":3,"column":80}},"3":{"start":{"line":4,"column":0},"end":{"line":4,"column":73}},"4":{"start":{"line":5,"column":0},"end":{"line":5,"column":33}},"5":{"start":{"line":6,"column":0},"end":{"line":6,"column":33}},"6":{"start":{"line":7,"column":0},"end":{"line":7,"column":50}},"7":{"start":{"line":8,"column":0},"end":{"line":8,"column":45}},"8":{"start":{"line":9,"column":0},"end":{"line":9,"column":46}},"9":{"start":{"line":10,"column":0},"end":{"line":10,"column":5}},"10":{"start":{"line":11,"column":0},"end":{"line":11,"column":20}},"11":{"start":{"line":12,"column":0},"end":{"line":12,"column":10}},"12":{"start":{"line":13,"column":0},"end":{"line":13,"column":69}},"13":{"start":{"line":14,"column":0},"end":{"line":14,"column":3}},"14":{"start":{"line":15,"column":0},"end":{"line":15,"column":2}}},"s":{"2":1,"3":2,"4":2,"5":2,"6":2,"7":1,"8":3,"9":3,"10":1,"11":1,"12":1,"13":1,"14":2},"branchMap":{"0":{"type":"branch","line":3,"loc":{"start":{"line":3,"column":25},"end":{"line":15,"column":2}},"locations":[{"start":{"line":3,"column":25},"end":{"line":15,"column":2}}]},"1":{"type":"branch","line":7,"loc":{"start":{"line":7,"column":49},"end":{"line":14,"column":3}},"locations":[{"start":{"line":7,"column":49},"end":{"line":14,"column":3}}]},"2":{"type":"branch","line":8,"loc":{"start":{"line":8,"column":44},"end":{"line":10,"column":5}},"locations":[{"start":{"line":8,"column":44},"end":{"line":10,"column":5}}]},"3":{"type":"branch","line":4,"loc":{"start":{"line":4,"column":29},"end":{"line":4,"column":71}},"locations":[{"start":{"line":4,"column":29},"end":{"line":4,"column":71}}]}},"b":{"0":[2],"1":[1],"2":[3],"3":[5]},"fnMap":{"0":{"name":"addAssetsBalance","decl":{"start":{"line":3,"column":25},"end":{"line":15,"column":2}},"loc":{"start":{"line":3,"column":25},"end":{"line":15,"column":2}},"line":3}},"f":{"0":2}}
,"D:\\Desktop\\Job\\Stability\\stability-ui\\src\\utils\\functions\\addVaultData.ts": {"path":"D:\\Desktop\\Job\\Stability\\stability-ui\\src\\utils\\functions\\addVaultData.ts","all":false,"statementMap":{"2":{"start":{"line":3,"column":0},"end":{"line":3,"column":80}},"3":{"start":{"line":4,"column":0},"end":{"line":4,"column":31}},"4":{"start":{"line":5,"column":0},"end":{"line":5,"column":34}},"5":{"start":{"line":6,"column":0},"end":{"line":6,"column":35}},"6":{"start":{"line":7,"column":0},"end":{"line":7,"column":34}},"7":{"start":{"line":8,"column":0},"end":{"line":8,"column":6}},"8":{"start":{"line":9,"column":0},"end":{"line":9,"column":53}},"9":{"start":{"line":10,"column":0},"end":{"line":10,"column":51}},"10":{"start":{"line":11,"column":0},"end":{"line":11,"column":5}},"11":{"start":{"line":12,"column":0},"end":{"line":12,"column":51}},"12":{"start":{"line":13,"column":0},"end":{"line":13,"column":46}},"13":{"start":{"line":14,"column":0},"end":{"line":14,"column":44}},"14":{"start":{"line":15,"column":0},"end":{"line":15,"column":46}},"15":{"start":{"line":16,"column":0},"end":{"line":16,"column":8}},"16":{"start":{"line":17,"column":0},"end":{"line":17,"column":5}},"17":{"start":{"line":18,"column":0},"end":{"line":18,"column":17}},"18":{"start":{"line":19,"column":0},"end":{"line":19,"column":10}},"19":{"start":{"line":20,"column":0},"end":{"line":20,"column":69}},"20":{"start":{"line":21,"column":0},"end":{"line":21,"column":3}},"21":{"start":{"line":22,"column":0},"end":{"line":22,"column":2}}},"s":{"2":1,"3":2,"4":2,"5":2,"6":2,"7":2,"8":2,"9":1,"10":2,"11":1,"12":3,"13":3,"14":3,"15":3,"16":3,"17":1,"18":1,"19":1,"20":1,"21":2},"branchMap":{"0":{"type":"branch","line":3,"loc":{"start":{"line":3,"column":21},"end":{"line":22,"column":2}},"locations":[{"start":{"line":3,"column":21},"end":{"line":22,"column":2}}]},"1":{"type":"branch","line":9,"loc":{"start":{"line":9,"column":44},"end":{"line":10,"column":51}},"locations":[{"start":{"line":9,"column":44},"end":{"line":10,"column":51}}]},"2":{"type":"branch","line":11,"loc":{"start":{"line":11,"column":4},"end":{"line":21,"column":3}},"locations":[{"start":{"line":11,"column":4},"end":{"line":21,"column":3}}]},"3":{"type":"branch","line":12,"loc":{"start":{"line":12,"column":50},"end":{"line":17,"column":5}},"locations":[{"start":{"line":12,"column":50},"end":{"line":17,"column":5}}]}},"b":{"0":[2],"1":[1],"2":[1],"3":[3]},"fnMap":{"0":{"name":"addVaultData","decl":{"start":{"line":3,"column":21},"end":{"line":22,"column":2}},"loc":{"start":{"line":3,"column":21},"end":{"line":22,"column":2}},"line":3}},"f":{"0":2}}
,"D:\\Desktop\\Job\\Stability\\stability-ui\\src\\utils\\functions\\calculateAPY.ts": {"path":"D:\\Desktop\\Job\\Stability\\stability-ui\\src\\utils\\functions\\calculateAPY.ts","all":false,"statementMap":{"0":{"start":{"line":1,"column":0},"end":{"line":1,"column":63}},"1":{"start":{"line":2,"column":0},"end":{"line":2,"column":13}},"2":{"start":{"line":3,"column":0},"end":{"line":3,"column":12}},"3":{"start":{"line":4,"column":0},"end":{"line":4,"column":10}},"4":{"start":{"line":5,"column":0},"end":{"line":5,"column":28}},"5":{"start":{"line":6,"column":0},"end":{"line":6,"column":3}},"7":{"start":{"line":8,"column":0},"end":{"line":8,"column":35}},"8":{"start":{"line":9,"column":0},"end":{"line":9,"column":13}},"9":{"start":{"line":10,"column":0},"end":{"line":10,"column":71}},"11":{"start":{"line":12,"column":0},"end":{"line":12,"column":19}},"12":{"start":{"line":13,"column":0},"end":{"line":13,"column":2}}},"s":{"0":1,"1":6,"2":3,"3":3,"4":3,"5":3,"7":6,"8":6,"9":6,"11":6,"12":6},"branchMap":{"0":{"type":"branch","line":1,"loc":{"start":{"line":1,"column":28},"end":{"line":13,"column":2}},"locations":[{"start":{"line":1,"column":28},"end":{"line":13,"column":2}}]},"1":{"type":"branch","line":2,"loc":{"start":{"line":2,"column":12},"end":{"line":6,"column":3}},"locations":[{"start":{"line":2,"column":12},"end":{"line":6,"column":3}}]}},"b":{"0":[6],"1":[3]},"fnMap":{"0":{"name":"calculateAPY","decl":{"start":{"line":1,"column":28},"end":{"line":13,"column":2}},"loc":{"start":{"line":1,"column":28},"end":{"line":13,"column":2}},"line":1}},"f":{"0":6}}
,"D:\\Desktop\\Job\\Stability\\stability-ui\\src\\utils\\functions\\debounce.ts": {"path":"D:\\Desktop\\Job\\Stability\\stability-ui\\src\\utils\\functions\\debounce.ts","all":false,"statementMap":{"0":{"start":{"line":1,"column":0},"end":{"line":1,"column":50}},"1":{"start":{"line":2,"column":0},"end":{"line":2,"column":45}},"3":{"start":{"line":4,"column":0},"end":{"line":4,"column":22}},"4":{"start":{"line":5,"column":0},"end":{"line":5,"column":26}},"5":{"start":{"line":6,"column":0},"end":{"line":6,"column":32}},"6":{"start":{"line":7,"column":0},"end":{"line":7,"column":6}},"7":{"start":{"line":8,"column":0},"end":{"line":8,"column":26}},"8":{"start":{"line":9,"column":0},"end":{"line":9,"column":37}},"9":{"start":{"line":10,"column":0},"end":{"line":10,"column":4}},"10":{"start":{"line":11,"column":0},"end":{"line":11,"column":2}}},"s":{"0":1,"1":3,"3":3,"4":7,"5":2,"6":2,"7":7,"8":7,"9":7,"10":3},"branchMap":{"0":{"type":"branch","line":1,"loc":{"start":{"line":1,"column":24},"end":{"line":11,"column":2}},"locations":[{"start":{"line":1,"column":24},"end":{"line":11,"column":2}}]},"1":{"type":"branch","line":4,"loc":{"start":{"line":4,"column":9},"end":{"line":10,"column":4}},"locations":[{"start":{"line":4,"column":9},"end":{"line":10,"column":4}}]},"2":{"type":"branch","line":5,"loc":{"start":{"line":5,"column":19},"end":{"line":7,"column":6}},"locations":[{"start":{"line":5,"column":19},"end":{"line":7,"column":6}}]}},"b":{"0":[3],"1":[7],"2":[2]},"fnMap":{"0":{"name":"debounce","decl":{"start":{"line":1,"column":24},"end":{"line":11,"column":2}},"loc":{"start":{"line":1,"column":24},"end":{"line":11,"column":2}},"line":1},"1":{"name":"fnCall","decl":{"start":{"line":5,"column":19},"end":{"line":7,"column":6}},"loc":{"start":{"line":5,"column":19},"end":{"line":7,"column":6}},"line":5}},"f":{"0":3,"1":2}}
,"D:\\Desktop\\Job\\Stability\\stability-ui\\src\\utils\\functions\\decodeHex.ts": {"path":"D:\\Desktop\\Job\\Stability\\stability-ui\\src\\utils\\functions\\decodeHex.ts","all":false,"statementMap":{"0":{"start":{"line":1,"column":0},"end":{"line":1,"column":44}},"1":{"start":{"line":2,"column":0},"end":{"line":2,"column":32}},"2":{"start":{"line":3,"column":0},"end":{"line":3,"column":14}},"3":{"start":{"line":4,"column":0},"end":{"line":4,"column":3}},"5":{"start":{"line":6,"column":0},"end":{"line":6,"column":40}},"7":{"start":{"line":8,"column":0},"end":{"line":8,"column":19}},"8":{"start":{"line":9,"column":0},"end":{"line":9,"column":56}},"9":{"start":{"line":10,"column":0},"end":{"line":10,"column":63}},"11":{"start":{"line":12,"column":0},"end":{"line":12,"column":29}},"12":{"start":{"line":13,"column":0},"end":{"line":13,"column":3}},"13":{"start":{"line":14,"column":0},"end":{"line":14,"column":57}},"14":{"start":{"line":15,"column":0},"end":{"line":15,"column":2}}},"s":{"0":1,"1":5,"2":3,"3":3,"5":2,"7":2,"8":5,"9":32,"11":32,"12":32,"13":2,"14":2},"branchMap":{"0":{"type":"branch","line":1,"loc":{"start":{"line":1,"column":18},"end":{"line":15,"column":2}},"locations":[{"start":{"line":1,"column":18},"end":{"line":15,"column":2}}]},"1":{"type":"branch","line":2,"loc":{"start":{"line":2,"column":31},"end":{"line":4,"column":3}},"locations":[{"start":{"line":2,"column":31},"end":{"line":4,"column":3}}]},"2":{"type":"branch","line":4,"loc":{"start":{"line":4,"column":2},"end":{"line":9,"column":55}},"locations":[{"start":{"line":4,"column":2},"end":{"line":9,"column":55}}]},"3":{"type":"branch","line":9,"loc":{"start":{"line":9,"column":55},"end":{"line":13,"column":3}},"locations":[{"start":{"line":9,"column":55},"end":{"line":13,"column":3}}]},"4":{"type":"branch","line":12,"loc":{"start":{"line":12,"column":13},"end":{"line":12,"column":29}},"locations":[{"start":{"line":12,"column":13},"end":{"line":12,"column":29}}]},"5":{"type":"branch","line":13,"loc":{"start":{"line":13,"column":2},"end":{"line":15,"column":2}},"locations":[{"start":{"line":13,"column":2},"end":{"line":15,"column":2}}]}},"b":{"0":[5],"1":[3],"2":[2],"3":[32],"4":[7],"5":[2]},"fnMap":{"0":{"name":"decodeHex","decl":{"start":{"line":1,"column":18},"end":{"line":15,"column":2}},"loc":{"start":{"line":1,"column":18},"end":{"line":15,"column":2}},"line":1}},"f":{"0":5}}
,"D:\\Desktop\\Job\\Stability\\stability-ui\\src\\utils\\functions\\determineAPR.ts": {"path":"D:\\Desktop\\Job\\Stability\\stability-ui\\src\\utils\\functions\\determineAPR.ts","all":false,"statementMap":{"0":{"start":{"line":1,"column":0},"end":{"line":1,"column":29}},"1":{"start":{"line":2,"column":0},"end":{"line":2,"column":31}},"2":{"start":{"line":3,"column":0},"end":{"line":3,"column":23}},"3":{"start":{"line":4,"column":0},"end":{"line":4,"column":30}},"4":{"start":{"line":5,"column":0},"end":{"line":5,"column":14}},"5":{"start":{"line":6,"column":0},"end":{"line":6,"column":37}},"6":{"start":{"line":7,"column":0},"end":{"line":7,"column":42}},"7":{"start":{"line":8,"column":0},"end":{"line":8,"column":3}},"9":{"start":{"line":10,"column":0},"end":{"line":10,"column":32}},"10":{"start":{"line":11,"column":0},"end":{"line":11,"column":2}}},"s":{"0":1,"1":6,"2":6,"3":6,"4":6,"5":6,"6":3,"7":3,"9":3,"10":3},"branchMap":{"0":{"type":"branch","line":1,"loc":{"start":{"line":1,"column":28},"end":{"line":11,"column":2}},"locations":[{"start":{"line":1,"column":28},"end":{"line":11,"column":2}}]},"1":{"type":"branch","line":6,"loc":{"start":{"line":6,"column":6},"end":{"line":6,"column":36}},"locations":[{"start":{"line":6,"column":6},"end":{"line":6,"column":36}}]},"2":{"type":"branch","line":6,"loc":{"start":{"line":6,"column":36},"end":{"line":11,"column":2}},"locations":[{"start":{"line":6,"column":36},"end":{"line":11,"column":2}}]}},"b":{"0":[6],"1":[5],"2":[3]},"fnMap":{"0":{"name":"determineAPR","decl":{"start":{"line":1,"column":28},"end":{"line":11,"column":2}},"loc":{"start":{"line":1,"column":28},"end":{"line":11,"column":2}},"line":1}},"f":{"0":6}}
,"D:\\Desktop\\Job\\Stability\\stability-ui\\src\\utils\\functions\\formatFromBigInt.ts": {"path":"D:\\Desktop\\Job\\Stability\\stability-ui\\src\\utils\\functions\\formatFromBigInt.ts","all":false,"statementMap":{"0":{"start":{"line":1,"column":0},"end":{"line":1,"column":41}},"2":{"start":{"line":3,"column":0},"end":{"line":3,"column":33}},"3":{"start":{"line":4,"column":0},"end":{"line":4,"column":34}},"4":{"start":{"line":5,"column":0},"end":{"line":5,"column":19}},"5":{"start":{"line":6,"column":0},"end":{"line":6,"column":19}},"6":{"start":{"line":7,"column":0},"end":{"line":7,"column":14}},"7":{"start":{"line":8,"column":0},"end":{"line":8,"column":20}},"9":{"start":{"line":10,"column":0},"end":{"line":10,"column":17}},"10":{"start":{"line":11,"column":0},"end":{"line":11,"column":24}},"11":{"start":{"line":12,"column":0},"end":{"line":12,"column":21}},"12":{"start":{"line":13,"column":0},"end":{"line":13,"column":76}},"13":{"start":{"line":14,"column":0},"end":{"line":14,"column":12}},"14":{"start":{"line":15,"column":0},"end":{"line":15,"column":21}},"15":{"start":{"line":16,"column":0},"end":{"line":16,"column":72}},"16":{"start":{"line":17,"column":0},"end":{"line":17,"column":12}},"17":{"start":{"line":18,"column":0},"end":{"line":18,"column":12}},"18":{"start":{"line":19,"column":0},"end":{"line":19,"column":60}},"19":{"start":{"line":20,"column":0},"end":{"line":20,"column":12}},"20":{"start":{"line":21,"column":0},"end":{"line":21,"column":3}},"21":{"start":{"line":22,"column":0},"end":{"line":22,"column":23}},"22":{"start":{"line":23,"column":0},"end":{"line":23,"column":2}}},"s":{"0":1,"2":1,"3":6,"4":6,"5":6,"6":6,"7":6,"9":6,"10":6,"11":1,"12":1,"13":1,"14":6,"15":1,"16":1,"17":6,"18":4,"19":4,"20":6,"21":6,"22":6},"branchMap":{"0":{"type":"branch","line":3,"loc":{"start":{"line":3,"column":32},"end":{"line":23,"column":2}},"locations":[{"start":{"line":3,"column":32},"end":{"line":23,"column":2}}]},"1":{"type":"branch","line":11,"loc":{"start":{"line":11,"column":4},"end":{"line":14,"column":12}},"locations":[{"start":{"line":11,"column":4},"end":{"line":14,"column":12}}]},"2":{"type":"branch","line":15,"loc":{"start":{"line":15,"column":4},"end":{"line":17,"column":12}},"locations":[{"start":{"line":15,"column":4},"end":{"line":17,"column":12}}]},"3":{"type":"branch","line":18,"loc":{"start":{"line":18,"column":4},"end":{"line":20,"column":12}},"locations":[{"start":{"line":18,"column":4},"end":{"line":20,"column":12}}]}},"b":{"0":[6],"1":[1],"2":[1],"3":[4]},"fnMap":{"0":{"name":"formatFromBigInt","decl":{"start":{"line":3,"column":32},"end":{"line":23,"column":2}},"loc":{"start":{"line":3,"column":32},"end":{"line":23,"column":2}},"line":3}},"f":{"0":6}}
,"D:\\Desktop\\Job\\Stability\\stability-ui\\src\\utils\\functions\\formatNumber.ts": {"path":"D:\\Desktop\\Job\\Stability\\stability-ui\\src\\utils\\functions\\formatNumber.ts","all":false,"statementMap":{"0":{"start":{"line":1,"column":0},"end":{"line":1,"column":29}},"1":{"start":{"line":2,"column":0},"end":{"line":2,"column":25}},"2":{"start":{"line":3,"column":0},"end":{"line":3,"column":14}},"3":{"start":{"line":4,"column":0},"end":{"line":4,"column":23}},"4":{"start":{"line":5,"column":0},"end":{"line":5,"column":24}},"6":{"start":{"line":7,"column":0},"end":{"line":7,"column":44}},"7":{"start":{"line":8,"column":0},"end":{"line":8,"column":20}},"9":{"start":{"line":10,"column":0},"end":{"line":10,"column":17}},"10":{"start":{"line":11,"column":0},"end":{"line":11,"column":22}},"11":{"start":{"line":12,"column":0},"end":{"line":12,"column":28}},"13":{"start":{"line":14,"column":0},"end":{"line":14,"column":29}},"14":{"start":{"line":15,"column":0},"end":{"line":15,"column":22}},"15":{"start":{"line":16,"column":0},"end":{"line":16,"column":20}},"16":{"start":{"line":17,"column":0},"end":{"line":17,"column":7}},"18":{"start":{"line":19,"column":0},"end":{"line":19,"column":41}},"19":{"start":{"line":20,"column":0},"end":{"line":20,"column":47}},"21":{"start":{"line":22,"column":0},"end":{"line":22,"column":26}},"22":{"start":{"line":23,"column":0},"end":{"line":23,"column":44}},"23":{"start":{"line":24,"column":0},"end":{"line":24,"column":7}},"24":{"start":{"line":25,"column":0},"end":{"line":25,"column":40}},"25":{"start":{"line":26,"column":0},"end":{"line":26,"column":12}},"26":{"start":{"line":27,"column":0},"end":{"line":27,"column":29}},"27":{"start":{"line":28,"column":0},"end":{"line":28,"column":28}},"29":{"start":{"line":30,"column":0},"end":{"line":30,"column":29}},"30":{"start":{"line":31,"column":0},"end":{"line":31,"column":22}},"31":{"start":{"line":32,"column":0},"end":{"line":32,"column":20}},"32":{"start":{"line":33,"column":0},"end":{"line":33,"column":7}},"34":{"start":{"line":35,"column":0},"end":{"line":35,"column":37}},"36":{"start":{"line":37,"column":0},"end":{"line":37,"column":26}},"37":{"start":{"line":38,"column":0},"end":{"line":38,"column":39}},"38":{"start":{"line":39,"column":0},"end":{"line":39,"column":7}},"39":{"start":{"line":40,"column":0},"end":{"line":40,"column":35}},"40":{"start":{"line":41,"column":0},"end":{"line":41,"column":12}},"41":{"start":{"line":42,"column":0},"end":{"line":42,"column":27}},"42":{"start":{"line":43,"column":0},"end":{"line":43,"column":28}},"43":{"start":{"line":44,"column":0},"end":{"line":44,"column":31}},"45":{"start":{"line":46,"column":0},"end":{"line":46,"column":19}},"47":{"start":{"line":48,"column":0},"end":{"line":48,"column":26}},"48":{"start":{"line":49,"column":0},"end":{"line":49,"column":31}},"49":{"start":{"line":50,"column":0},"end":{"line":50,"column":24}},"50":{"start":{"line":51,"column":0},"end":{"line":51,"column":22}},"51":{"start":{"line":52,"column":0},"end":{"line":52,"column":9}},"52":{"start":{"line":53,"column":0},"end":{"line":53,"column":35}},"53":{"start":{"line":54,"column":0},"end":{"line":54,"column":14}},"54":{"start":{"line":55,"column":0},"end":{"line":55,"column":25}},"55":{"start":{"line":56,"column":0},"end":{"line":56,"column":38}},"56":{"start":{"line":57,"column":0},"end":{"line":57,"column":32}},"57":{"start":{"line":58,"column":0},"end":{"line":58,"column":38}},"58":{"start":{"line":59,"column":0},"end":{"line":59,"column":33}},"59":{"start":{"line":60,"column":0},"end":{"line":60,"column":49}},"60":{"start":{"line":61,"column":0},"end":{"line":61,"column":16}},"61":{"start":{"line":62,"column":0},"end":{"line":62,"column":37}},"62":{"start":{"line":63,"column":0},"end":{"line":63,"column":9}},"63":{"start":{"line":64,"column":0},"end":{"line":64,"column":7}},"65":{"start":{"line":66,"column":0},"end":{"line":66,"column":26}},"66":{"start":{"line":67,"column":0},"end":{"line":67,"column":40}},"67":{"start":{"line":68,"column":0},"end":{"line":68,"column":7}},"69":{"start":{"line":70,"column":0},"end":{"line":70,"column":36}},"70":{"start":{"line":71,"column":0},"end":{"line":71,"column":12}},"71":{"start":{"line":72,"column":0},"end":{"line":72,"column":36}},"72":{"start":{"line":73,"column":0},"end":{"line":73,"column":28}},"74":{"start":{"line":75,"column":0},"end":{"line":75,"column":79}},"76":{"start":{"line":77,"column":0},"end":{"line":77,"column":12}},"77":{"start":{"line":78,"column":0},"end":{"line":78,"column":18}},"78":{"start":{"line":79,"column":0},"end":{"line":79,"column":28}},"80":{"start":{"line":81,"column":0},"end":{"line":81,"column":58}},"82":{"start":{"line":83,"column":0},"end":{"line":83,"column":51}},"83":{"start":{"line":84,"column":0},"end":{"line":84,"column":32}},"84":{"start":{"line":85,"column":0},"end":{"line":85,"column":11}},"85":{"start":{"line":86,"column":0},"end":{"line":86,"column":8}},"87":{"start":{"line":88,"column":0},"end":{"line":88,"column":44}},"88":{"start":{"line":89,"column":0},"end":{"line":89,"column":60}},"89":{"start":{"line":90,"column":0},"end":{"line":90,"column":13}},"91":{"start":{"line":92,"column":0},"end":{"line":92,"column":47}},"92":{"start":{"line":93,"column":0},"end":{"line":93,"column":53}},"93":{"start":{"line":94,"column":0},"end":{"line":94,"column":27}},"94":{"start":{"line":95,"column":0},"end":{"line":95,"column":36}},"96":{"start":{"line":97,"column":0},"end":{"line":97,"column":12}},"97":{"start":{"line":98,"column":0},"end":{"line":98,"column":37}},"98":{"start":{"line":99,"column":0},"end":{"line":99,"column":28}},"100":{"start":{"line":101,"column":0},"end":{"line":101,"column":70}},"101":{"start":{"line":102,"column":0},"end":{"line":102,"column":31}},"103":{"start":{"line":104,"column":0},"end":{"line":104,"column":56}},"104":{"start":{"line":105,"column":0},"end":{"line":105,"column":66}},"105":{"start":{"line":106,"column":0},"end":{"line":106,"column":13}},"107":{"start":{"line":108,"column":0},"end":{"line":108,"column":63}},"108":{"start":{"line":109,"column":0},"end":{"line":109,"column":32}},"109":{"start":{"line":110,"column":0},"end":{"line":110,"column":11}},"110":{"start":{"line":111,"column":0},"end":{"line":111,"column":8}},"112":{"start":{"line":113,"column":0},"end":{"line":113,"column":53}},"113":{"start":{"line":114,"column":0},"end":{"line":114,"column":65}},"114":{"start":{"line":115,"column":0},"end":{"line":115,"column":33}},"116":{"start":{"line":117,"column":0},"end":{"line":117,"column":42}},"118":{"start":{"line":119,"column":0},"end":{"line":119,"column":12}},"119":{"start":{"line":120,"column":0},"end":{"line":120,"column":24}},"120":{"start":{"line":121,"column":0},"end":{"line":121,"column":64}},"121":{"start":{"line":122,"column":0},"end":{"line":122,"column":28}},"122":{"start":{"line":123,"column":0},"end":{"line":123,"column":68}},"124":{"start":{"line":125,"column":0},"end":{"line":125,"column":61}},"125":{"start":{"line":126,"column":0},"end":{"line":126,"column":32}},"126":{"start":{"line":127,"column":0},"end":{"line":127,"column":11}},"127":{"start":{"line":128,"column":0},"end":{"line":128,"column":8}},"129":{"start":{"line":130,"column":0},"end":{"line":130,"column":50}},"130":{"start":{"line":131,"column":0},"end":{"line":131,"column":56}},"131":{"start":{"line":132,"column":0},"end":{"line":132,"column":32}},"133":{"start":{"line":134,"column":0},"end":{"line":134,"column":41}},"134":{"start":{"line":135,"column":0},"end":{"line":135,"column":12}},"135":{"start":{"line":136,"column":0},"end":{"line":136,"column":12}},"136":{"start":{"line":137,"column":0},"end":{"line":137,"column":12}},"137":{"start":{"line":138,"column":0},"end":{"line":138,"column":3}},"138":{"start":{"line":139,"column":0},"end":{"line":139,"column":22}},"139":{"start":{"line":140,"column":0},"end":{"line":140,"column":2}}},"s":{"0":1,"1":22,"2":22,"3":22,"4":22,"6":22,"7":22,"9":22,"10":22,"11":4,"13":4,"14":7,"15":7,"16":7,"18":4,"19":4,"21":4,"22":4,"23":4,"24":4,"25":4,"26":22,"27":4,"29":4,"30":8,"31":8,"32":8,"34":4,"36":4,"37":4,"38":4,"39":4,"40":4,"41":22,"42":5,"43":5,"45":5,"47":5,"48":2,"49":2,"50":2,"51":2,"52":2,"53":5,"54":3,"55":1,"56":3,"57":1,"58":1,"59":0,"60":1,"61":1,"62":1,"63":3,"65":5,"66":2,"67":2,"69":5,"70":5,"71":22,"72":1,"74":1,"76":1,"77":22,"78":3,"80":3,"82":3,"83":3,"84":3,"85":3,"87":3,"88":2,"89":1,"91":3,"92":2,"93":1,"94":3,"96":3,"97":22,"98":2,"100":2,"101":2,"103":2,"104":1,"105":1,"107":2,"108":2,"109":2,"110":2,"112":2,"113":1,"114":1,"116":2,"118":2,"119":22,"120":2,"121":2,"122":2,"124":2,"125":2,"126":2,"127":2,"129":2,"130":2,"131":0,"133":2,"134":2,"135":22,"136":1,"137":22,"138":22,"139":22},"branchMap":{"0":{"type":"branch","line":1,"loc":{"start":{"line":1,"column":28},"end":{"line":140,"column":2}},"locations":[{"start":{"line":1,"column":28},"end":{"line":140,"column":2}}]},"1":{"type":"branch","line":11,"loc":{"start":{"line":11,"column":4},"end":{"line":26,"column":12}},"locations":[{"start":{"line":11,"column":4},"end":{"line":26,"column":12}}]},"2":{"type":"branch","line":14,"loc":{"start":{"line":14,"column":28},"end":{"line":17,"column":7}},"locations":[{"start":{"line":14,"column":28},"end":{"line":17,"column":7}}]},"3":{"type":"branch","line":19,"loc":{"start":{"line":19,"column":35},"end":{"line":19,"column":41}},"locations":[{"start":{"line":19,"column":35},"end":{"line":19,"column":41}}]},"4":{"type":"branch","line":27,"loc":{"start":{"line":27,"column":4},"end":{"line":41,"column":12}},"locations":[{"start":{"line":27,"column":4},"end":{"line":41,"column":12}}]},"5":{"type":"branch","line":30,"loc":{"start":{"line":30,"column":28},"end":{"line":33,"column":7}},"locations":[{"start":{"line":30,"column":28},"end":{"line":33,"column":7}}]},"6":{"type":"branch","line":42,"loc":{"start":{"line":42,"column":4},"end":{"line":71,"column":12}},"locations":[{"start":{"line":42,"column":4},"end":{"line":71,"column":12}}]},"7":{"type":"branch","line":44,"loc":{"start":{"line":44,"column":22},"end":{"line":44,"column":31}},"locations":[{"start":{"line":44,"column":22},"end":{"line":44,"column":31}}]},"8":{"type":"branch","line":48,"loc":{"start":{"line":48,"column":25},"end":{"line":54,"column":13}},"locations":[{"start":{"line":48,"column":25},"end":{"line":54,"column":13}}]},"9":{"type":"branch","line":54,"loc":{"start":{"line":54,"column":6},"end":{"line":64,"column":7}},"locations":[{"start":{"line":54,"column":6},"end":{"line":64,"column":7}}]},"10":{"type":"branch","line":55,"loc":{"start":{"line":55,"column":24},"end":{"line":57,"column":19}},"locations":[{"start":{"line":55,"column":24},"end":{"line":57,"column":19}}]},"11
[...]
olumn":17}},"91":{"start":{"line":92,"column":0},"end":{"line":92,"column":6}},"92":{"start":{"line":93,"column":0},"end":{"line":93,"column":40}},"93":{"start":{"line":94,"column":0},"end":{"line":94,"column":20}},"94":{"start":{"line":95,"column":0},"end":{"line":95,"column":40}},"95":{"start":{"line":96,"column":0},"end":{"line":96,"column":50}},"96":{"start":{"line":97,"column":0},"end":{"line":97,"column":28}},"97":{"start":{"line":98,"column":0},"end":{"line":98,"column":23}},"98":{"start":{"line":99,"column":0},"end":{"line":99,"column":44}},"99":{"start":{"line":100,"column":0},"end":{"line":100,"column":48}},"100":{"start":{"line":101,"column":0},"end":{"line":101,"column":34}},"101":{"start":{"line":102,"column":0},"end":{"line":102,"column":21}},"102":{"start":{"line":103,"column":0},"end":{"line":103,"column":21}},"103":{"start":{"line":104,"column":0},"end":{"line":104,"column":16}},"104":{"start":{"line":105,"column":0},"end":{"line":105,"column":6}},"105":{"start":{"line":106,"column":0},"end":{"line":106,"column":53}},"106":{"start":{"line":107,"column":0},"end":{"line":107,"column":20}},"107":{"start":{"line":108,"column":0},"end":{"line":108,"column":42}},"108":{"start":{"line":109,"column":0},"end":{"line":109,"column":52}},"109":{"start":{"line":110,"column":0},"end":{"line":110,"column":46}},"110":{"start":{"line":111,"column":0},"end":{"line":111,"column":23}},"111":{"start":{"line":112,"column":0},"end":{"line":112,"column":23}},"112":{"start":{"line":113,"column":0},"end":{"line":113,"column":25}},"113":{"start":{"line":114,"column":0},"end":{"line":114,"column":34}},"114":{"start":{"line":115,"column":0},"end":{"line":115,"column":21}},"115":{"start":{"line":116,"column":0},"end":{"line":116,"column":21}},"116":{"start":{"line":117,"column":0},"end":{"line":117,"column":19}},"117":{"start":{"line":118,"column":0},"end":{"line":118,"column":6}},"118":{"start":{"line":119,"column":0},"end":{"line":119,"column":55}},"119":{"start":{"line":120,"column":0},"end":{"line":120,"column":20}},"120":{"start":{"line":121,"column":0},"end":{"line":121,"column":42}},"121":{"start":{"line":122,"column":0},"end":{"line":122,"column":52}},"122":{"start":{"line":123,"column":0},"end":{"line":123,"column":42}},"123":{"start":{"line":124,"column":0},"end":{"line":124,"column":23}},"124":{"start":{"line":125,"column":0},"end":{"line":125,"column":46}},"125":{"start":{"line":126,"column":0},"end":{"line":126,"column":50}},"126":{"start":{"line":127,"column":0},"end":{"line":127,"column":34}},"127":{"start":{"line":128,"column":0},"end":{"line":128,"column":21}},"128":{"start":{"line":129,"column":0},"end":{"line":129,"column":21}},"129":{"start":{"line":130,"column":0},"end":{"line":130,"column":18}},"130":{"start":{"line":131,"column":0},"end":{"line":131,"column":6}},"131":{"start":{"line":132,"column":0},"end":{"line":132,"column":50}},"132":{"start":{"line":133,"column":0},"end":{"line":133,"column":42}},"133":{"start":{"line":134,"column":0},"end":{"line":134,"column":15}},"134":{"start":{"line":135,"column":0},"end":{"line":135,"column":35}},"135":{"start":{"line":136,"column":0},"end":{"line":136,"column":17}},"136":{"start":{"line":137,"column":0},"end":{"line":137,"column":37}},"137":{"start":{"line":138,"column":0},"end":{"line":138,"column":19}},"138":{"start":{"line":139,"column":0},"end":{"line":139,"column":71}},"140":{"start":{"line":141,"column":0},"end":{"line":141,"column":20}},"141":{"start":{"line":142,"column":0},"end":{"line":142,"column":42}},"142":{"start":{"line":143,"column":0},"end":{"line":143,"column":52}},"143":{"start":{"line":144,"column":0},"end":{"line":144,"column":43}},"144":{"start":{"line":145,"column":0},"end":{"line":145,"column":23}},"145":{"start":{"line":146,"column":0},"end":{"line":146,"column":46}},"146":{"start":{"line":147,"column":0},"end":{"line":147,"column":50}},"147":{"start":{"line":148,"column":0},"end":{"line":148,"column":57}},"148":{"start":{"line":149,"column":0},"end":{"line":149,"column":28}},"149":{"start":{"line":150,"column":0},"end":{"line":150,"column":13}},"150":{"start":{"line":151,"column":0},"end":{"line":151,"column":21}},"151":{"start":{"line":152,"column":0},"end":{"line":152,"column":6}},"152":{"start":{"line":153,"column":0},"end":{"line":153,"column":45}},"153":{"start":{"line":154,"column":0},"end":{"line":154,"column":20}},"154":{"start":{"line":155,"column":0},"end":{"line":155,"column":42}},"155":{"start":{"line":156,"column":0},"end":{"line":156,"column":52}},"156":{"start":{"line":157,"column":0},"end":{"line":157,"column":38}},"157":{"start":{"line":158,"column":0},"end":{"line":158,"column":23}},"158":{"start":{"line":159,"column":0},"end":{"line":159,"column":46}},"159":{"start":{"line":160,"column":0},"end":{"line":160,"column":50}},"160":{"start":{"line":161,"column":0},"end":{"line":161,"column":34}},"161":{"start":{"line":162,"column":0},"end":{"line":162,"column":21}},"162":{"start":{"line":163,"column":0},"end":{"line":163,"column":21}},"163":{"start":{"line":164,"column":0},"end":{"line":164,"column":18}},"164":{"start":{"line":165,"column":0},"end":{"line":165,"column":6}},"165":{"start":{"line":166,"column":0},"end":{"line":166,"column":50}},"166":{"start":{"line":167,"column":0},"end":{"line":167,"column":42}},"167":{"start":{"line":168,"column":0},"end":{"line":168,"column":15}},"168":{"start":{"line":169,"column":0},"end":{"line":169,"column":35}},"169":{"start":{"line":170,"column":0},"end":{"line":170,"column":17}},"170":{"start":{"line":171,"column":0},"end":{"line":171,"column":37}},"171":{"start":{"line":172,"column":0},"end":{"line":172,"column":19}},"172":{"start":{"line":173,"column":0},"end":{"line":173,"column":71}},"173":{"start":{"line":174,"column":0},"end":{"line":174,"column":20}},"174":{"start":{"line":175,"column":0},"end":{"line":175,"column":42}},"175":{"start":{"line":176,"column":0},"end":{"line":176,"column":52}},"176":{"start":{"line":177,"column":0},"end":{"line":177,"column":39}},"177":{"start":{"line":178,"column":0},"end":{"line":178,"column":23}},"178":{"start":{"line":179,"column":0},"end":{"line":179,"column":46}},"179":{"start":{"line":180,"column":0},"end":{"line":180,"column":50}},"180":{"start":{"line":181,"column":0},"end":{"line":181,"column":34}},"181":{"start":{"line":182,"column":0},"end":{"line":182,"column":21}},"182":{"start":{"line":183,"column":0},"end":{"line":183,"column":21}},"183":{"start":{"line":184,"column":0},"end":{"line":184,"column":9}},"184":{"start":{"line":185,"column":0},"end":{"line":185,"column":6}},"185":{"start":{"line":186,"column":0},"end":{"line":186,"column":42}},"186":{"start":{"line":187,"column":0},"end":{"line":187,"column":20}},"187":{"start":{"line":188,"column":0},"end":{"line":188,"column":42}},"188":{"start":{"line":189,"column":0},"end":{"line":189,"column":52}},"189":{"start":{"line":190,"column":0},"end":{"line":190,"column":36}},"190":{"start":{"line":191,"column":0},"end":{"line":191,"column":19}},"191":{"start":{"line":192,"column":0},"end":{"line":192,"column":46}},"192":{"start":{"line":193,"column":0},"end":{"line":193,"column":50}},"193":{"start":{"line":194,"column":0},"end":{"line":194,"column":57}},"194":{"start":{"line":195,"column":0},"end":{"line":195,"column":28}},"195":{"start":{"line":196,"column":0},"end":{"line":196,"column":21}},"196":{"start":{"line":197,"column":0},"end":{"line":197,"column":18}},"197":{"start":{"line":198,"column":0},"end":{"line":198,"column":6}},"198":{"start":{"line":199,"column":0},"end":{"line":199,"column":39}},"199":{"start":{"line":200,"column":0},"end":{"line":200,"column":20}},"200":{"start":{"line":201,"column":0},"end":{"line":201,"column":39}},"201":{"start":{"line":202,"column":0},"end":{"line":202,"column":49}},"202":{"start":{"line":203,"column":0},"end":{"line":203,"column":25}},"203":{"start":{"line":204,"column":0},"end":{"line":204,"column":19}},"204":{"start":{"line":205,"column":0},"end":{"line":205,"column":43}},"205":{"start":{"line":206,"column":0},"end":{"line":206,"column":47}},"206":{"start":{"line":207,"column":0},"end":{"line":207,"column":43}},"207":{"start":{"line":208,"column":0},"end":{"line":208,"column":21}},"208":{"start":{"line":209,"column":0},"end":{"line":209,"column":21}},"209":{"start":{"line":210,"column":0},"end":{"line":210,"column":15}},"210":{"start":{"line":211,"column":0},"end":{"line":211,"column":6}},"211":{"start":{"line":212,"column":0},"end":{"line":212,"column":51}},"212":{"start":{"line":213,"column":0},"end":{"line":213,"column":20}},"213":{"start":{"line":214,"column":0},"end":{"line":214,"column":42}},"214":{"start":{"line":215,"column":0},"end":{"line":215,"column":52}},"215":{"start":{"line":216,"column":0},"end":{"line":216,"column":43}},"216":{"start":{"line":217,"column":0},"end":{"line":217,"column":19}},"217":{"start":{"line":218,"column":0},"end":{"line":218,"column":46}},"218":{"start":{"line":219,"column":0},"end":{"line":219,"column":50}},"219":{"start":{"line":220,"column":0},"end":{"line":220,"column":57}},"220":{"start":{"line":221,"column":0},"end":{"line":221,"column":30}},"221":{"start":{"line":222,"column":0},"end":{"line":222,"column":21}},"222":{"start":{"line":223,"column":0},"end":{"line":223,"column":17}},"223":{"start":{"line":224,"column":0},"end":{"line":224,"column":6}},"224":{"start":{"line":225,"column":0},"end":{"line":225,"column":3}},"226":{"start":{"line":227,"column":0},"end":{"line":227,"column":22}},"227":{"start":{"line":228,"column":0},"end":{"line":228,"column":2}}},"s":{"0":1,"2":1,"6":1,"9":1,"10":8,"11":8,"12":8,"13":8,"14":8,"15":8,"16":8,"17":8,"18":8,"19":8,"20":8,"21":8,"22":8,"23":8,"24":8,"25":8,"26":8,"27":8,"28":8,"29":8,"30":8,"34":8,"35":8,"36":8,"38":8,"39":8,"40":8,"41":8,"43":8,"44":1,"45":1,"46":0,"47":0,"48":0,"49":0,"50":0,"52":1,"53":1,"54":1,"55":1,"56":1,"57":1,"58":1,"59":1,"60":1,"61":1,"62":1,"63":1,"64":1,"65":8,"66":1,"67":1,"68":1,"69":1,"70":1,"71":1,"72":1,"73":1,"74":1,"75":1,"76":1,"77":1,"78":1,"79":7,"80":1,"81":1,"82":1,"83":1,"84":1,"85":1,"86":1,"87":1,"88":1,"89":1,"90":1,"91":1,"92":6,"93":0,"94":0,"95":0,"96":0,"97":0,"98":0,"99":0,"100":0,"101":0,"102":0,"103":0,"104":0,"105":5,"106":1,"107":1,"108":1,"109":1,"110":1,"111":1,"112":1,"113":1,"114":1,"115":1,"116":1,"117":1,"118":5,"119":0,"120":0,"121":0,"122":0,"123":0,"124":0,"125":0,"126":0,"127":0,"128":0,"129":0,"130":0,"131":4,"132":0,"133":0,"134":0,"135":0,"136":0,"137":0,"138":0,"140":0,"141":0,"142":0,"143":0,"144":0,"145":0,"146":0,"147":0,"148":0,"149":0,"150":0,"151":0,"152":4,"153":1,"154":1,"155":1,"156":1,"157":1,"158":1,"159":1,"160":1,"161":1,"162":1,"163":1,"164":1,"165":4,"166":0,"167":0,"168":0,"169":0,"170":0,"171":0,"172":0,"173":0,"174":0,"175":0,"176":0,"177":0,"178":0,"179":0,"180":0,"181":0,"182":0,"183":0,"184":0,"185":3,"186":0,"187":0,"188":0,"189":0,"190":0,"191":0,"192":0,"193":0,"194":0,"195":0,"196":0,"197":0,"198":3,"199":1,"200":1,"201":1,"202":1,"203":1,"204":1,"205":1,"206":1,"207":1,"208":1,"209":1,"210":1,"211":3,"212":1,"213":1,"214":1,"215":1,"216":1,"217":1,"218":1,"219":1,"220":1,"221":1,"222":1,"223":1,"224":1,"226":8,"227":8},"branchMap":{"0":{"type":"branch","line":10,"loc":{"start":{"line":10,"column":31},"end":{"line":228,"column":2}},"locations":[{"start":{"line":10,"column":31},"end":{"line":228,"column":2}}]},"1":{"type":"branch","line":44,"loc":{"start":{"line":44,"column":40},"end":{"line":66,"column":13}},"locations":[{"start":{"line":44,"column":40},"end":{"line":66,"column":13}}]},"2":{"type":"branch","line":46,"loc":{"start":{"line":46,"column":11},"end":{"line":51,"column":71}},"locations":[{"start":{"line":46,"column":11},"end":{"line":51,"column":71}}]},"3":{"type":"branch","line":66,"loc":{"start":{"line":66,"column":2},"end":{"line":225,"column":3}},"locations":[{"start":{"line":66,"column":2},"end":{"line":225,"column":3}}]},"4":{"type":"branch","line":66,"loc":{"start":{"line":66,"column":40},"end":{"line":80,"column":13}},"locations":[{"start":{"line":66,"column":40},"end":{"line":80,"column":13}}]},"5":{"type":"branch","line":80,"loc":{"start":{"line":80,"column":2},"end":{"line":225,"column":3}},"locations":[{"start":{"line":80,"column":2},"end":{"line":225,"column":3}}]},"6":{"type":"branch","line":80,"loc":{"start":{"line":80,"column":40},"end":{"line":93,"column":13}},"locations":[{"start":{"line":80,"column":40},"end":{"line":93,"column":13}}]},"7":{"type":"branch","line":93,"loc":{"start":{"line":93,"column":2},"end":{"line":225,"column":3}},"locations":[{"start":{"line":93,"column":2},"end":{"line":225,"column":3}}]},"8":{"type":"branch","line":93,"loc":{"start":{"line":93,"column":39},"end":{"line":106,"column":13}},"locations":[{"start":{"line":93,"column":39},"end":{"line":106,"column":13}}]},"9":{"type":"branch","line":106,"loc":{"start":{"line":106,"column":52},"end":{"line":119,"column":13}},"locations":[{"start":{"line":106,"column":52},"end":{"line":119,"column":13}}]},"10":{"type":"branch","line":119,"loc":{"start":{"line":119,"column":2},"end":{"line":225,"column":3}},"locations":[{"start":{"line":119,"column":2},"end":{"line":225,"column":3}}]},"11":{"type":"branch","line":119,"loc":{"start":{"line":119,"column":54},"end":{"line":132,"column":13}},"locations":[{"start":{"line":119,"column":54},"end":{"line":132,"column":13}}]},"12":{"type":"branch","line":132,"loc":{"start":{"line":132,"column":49},"end":{"line":153,"column":13}},"locations":[{"start":{"line":132,"column":49},"end":{"line":153,"column":13}}]},"13":{"type":"branch","line":153,"loc":{"start":{"line":153,"column":44},"end":{"line":166,"column":13}},"locations":[{"start":{"line":153,"column":44},"end":{"line":166,"column":13}}]},"14":{"type":"branch","line":166,"loc":{"start":{"line":166,"column":2},"end":{"line":225,"column":3}},"locations":[{"start":{"line":166,"column":2},"end":{"line":225,"column":3}}]},"15":{"type":"branch","line":166,"loc":{"start":{"line":166,"column":49},"end":{"line":186,"column":13}},"locations":[{"start":{"line":166,"column":49},"end":{"line":186,"column":13}}]},"16":{"type":"branch","line":186,"loc":{"start":{"line":186,"column":41},"end":{"line":199,"column":13}},"locations":[{"start":{"line":186,"column":41},"end":{"line":199,"column":13}}]},"17":{"type":"branch","line":199,"loc":{"start":{"line":199,"column":38},"end":{"line":212,"column":13}},"locations":[{"start":{"line":199,"column":38},"end":{"line":212,"column":13}}]},"18":{"type":"branch","line":212,"loc":{"start":{"line":212,"column":2},"end":{"line":225,"column":3}},"locations":[{"start":{"line":212,"column":2},"end":{"line":225,"column":3}}]},"19":{"type":"branch","line":212,"loc":{"start":{"line":212,"column":50},"end":{"line":225,"column":3}},"locations":[{"start":{"line":212,"column":50},"end":{"line":225,"column":3}}]}},"b":{"0":[8],"1":[1],"2":[0],"3":[7],"4":[1],"5":[6],"6":[1],"7":[5],"8":[0],"9":[1],"10":[4],"11":[0],"12":[0],"13":[1],"14":[3],"15":[0],"16":[0],"17":[1],"18":[2],"19":[1]},"fnMap":{"0":{"name":"getStrategyInfo","decl":{"start":{"line":10,"column":31},"end":{"line":228,"column":2}},"loc":{"start":{"line":10,"column":31},"end":{"line":228,"column":2}},"line":10}},"f":{"0":8}}
,"D:\\Desktop\\Job\\Stability\\stability-ui\\src\\utils\\functions\\getTimeDifference.ts": {"path":"D:\\Desktop\\Job\\Stability\\stability-ui\\src\\utils\\functions\\getTimeDifference.ts","all":false,"statementMap":{"5":{"start":{"line":6,"column":0},"end":{"line":6,"column":34}},"6":{"start":{"line":7,"column":0},"end":{"line":7,"column":32}},"7":{"start":{"line":8,"column":0},"end":{"line":8,"column":18}},"8":{"start":{"line":9,"column":0},"end":{"line":9,"column":22}},"9":{"start":{"line":10,"column":0},"end":{"line":10,"column":50}},"10":{"start":{"line":11,"column":0},"end":{"line":11,"column":26}},"12":{"start":{"line":13,"column":0},"end":{"line":13,"column":55}},"14":{"start":{"line":15,"column":0},"end":{"line":15,"column":64}},"15":{"start":{"line":16,"column":0},"end":{"line":16,"column":79}},"19":{"start":{"line":20,"column":0},"end":{"line":20,"column":38}},"20":{"start":{"line":21,"column":0},"end":{"line":21,"column":2}}},"s":{"5":1,"6":1,"7":1,"8":1,"9":1,"10":1,"12":1,"14":1,"15":1,"19":1,"20":1},"branchMap":{"0":{"type":"branch","line":6,"loc":{"start":{"line":6,"column":33},"end":{"line":21,"column":2}},"locations":[{"start":{"line":6,"column":33},"end":{"line":21,"column":2}}]}},"b":{"0":[1]},"fnMap":{"0":{"name":"getTimeDifference","decl":{"start":{"line":6,"column":33},"end":{"line":21,"column":2}},"loc":{"start":{"line":6,"column":33},"end":{"line":21,"column":2}},"line":6}},"f":{"0":1}}
,"D:\\Desktop\\Job\\Stability\\stability-ui\\src\\utils\\functions\\getTokenData.ts": {"path":"D:\\Desktop\\Job\\Stability\\stability-ui\\src\\utils\\functions\\getTokenData.ts","all":false,"statementMap":{"0":{"start":{"line":1,"column":0},"end":{"line":1,"column":51}},"1":{"start":{"line":2,"column":0},"end":{"line":2,"column":77}},"3":{"start":{"line":4,"column":0},"end":{"line":4,"column":67}},"4":{"start":{"line":5,"column":0},"end":{"line":5,"column":41}},"5":{"start":{"line":6,"column":0},"end":{"line":6,"column":64}},"6":{"start":{"line":7,"column":0},"end":{"line":7,"column":14}},"7":{"start":{"line":8,"column":0},"end":{"line":8,"column":57}},"8":{"start":{"line":9,"column":0},"end":{"line":9,"column":31}},"9":{"start":{"line":10,"column":0},"end":{"line":10,"column":33}},"10":{"start":{"line":11,"column":0},"end":{"line":11,"column":25}},"11":{"start":{"line":12,"column":0},"end":{"line":12,"column":29}},"12":{"start":{"line":13,"column":0},"end":{"line":13,"column":31}},"13":{"start":{"line":14,"column":0},"end":{"line":14,"column":26}},"14":{"start":{"line":15,"column":0},"end":{"line":15,"column":8}},"15":{"start":{"line":16,"column":0},"end":{"line":16,"column":5}},"16":{"start":{"line":17,"column":0},"end":{"line":17,"column":3}},"17":{"start":{"line":18,"column":0},"end":{"line":18,"column":19}},"18":{"start":{"line":19,"column":0},"end":{"line":19,"column":2}}},"s":{"0":1,"1":1,"3":1,"4":1,"5":14,"6":1,"7":1,"8":1,"9":1,"10":1,"11":1,"12":1,"13":1,"14":1,"15":1,"16":14,"17":0,"18":0},"branchMap":{"0":{"type":"branch","line":4,"loc":{"start":{"line":4,"column":21},"end":{"line":19,"column":2}},"locations":[{"start":{"line":4,"column":21},"end":{"line":19,"column":2}}]},"1":{"type":"branch","line":5,"loc":{"start":{"line":5,"column":40},"end":{"line":17,"column":3}},"locations":[{"start":{"line":5,"column":40},"end":{"line":17,"column":3}}]},"2":{"type":"branch","line":6,"loc":{"start":{"line":6,"column":63},"end":{"line":16,"column":5}},"locations":[{"start":{"line":6,"column":63},"end":{"line":16,"column":5}}]},"3":{"type":"branch","line":17,"loc":{"start":{"line":17,"column":2},"end":{"line":19,"column":2}},"locations":[{"start":{"line":17,"column":2},"end":{"line":19,"column":2}}]}},"b":{"0":[1],"1":[14],"2":[1],"3":[0]},"fnMap":{"0":{"name":"getTokenData","decl":{"start":{"line":4,"column":21},"end":{"line":19,"column":2}},"loc":{"start":{"line":4,"column":21},"end":{"line":19,"column":2}},"line":4}},"f":{"0":1}}
,"D:\\Desktop\\Job\\Stability\\stability-ui\\src\\utils\\functions\\setLocalStoreHash.ts": {"path":"D:\\Desktop\\Job\\Stability\\stability-ui\\src\\utils\\functions\\setLocalStoreHash.ts","all":false,"statementMap":{"17":{"start":{"line":18,"column":0},"end":{"line":18,"column":50}},"18":{"start":{"line":19,"column":0},"end":{"line":19,"column":54}},"19":{"start":{"line":20,"column":0},"end":{"line":20,"column":2}}},"s":{"17":1,"18":1,"19":1},"branchMap":{"0":{"type":"branch","line":18,"loc":{"start":{"line":18,"column":26},"end":{"line":20,"column":2}},"locations":[{"start":{"line":18,"column":26},"end":{"line":20,"column":2}}]}},"b":{"0":[1]},"fnMap":{"0":{"name":"setLocalStoreHash","decl":{"start":{"line":18,"column":26},"end":{"line":20,"column":2}},"loc":{"start":{"line":18,"column":26},"end":{"line":20,"column":2}},"line":18}},"f":{"0":1}}
}
